当前第0段,一共1471段


当前第1段,一共1471段
知乎用户

当前第2段,一共1471段
1 人赞同了该回答

当前第3段,一共1471段
我的文笔不太好，而且文不对题，见谅了。

当前第4段,一共1471段


当前第5段,一共1471段
我的父亲在年轻有为的时候遭人陷害前途尽毁，看不开承受不住打击自杀去世，他走的时候我小学三年级。我记得妈妈那个时候每天都坐在门口哭，一遍遍的告诉我爸爸不负责任丢下我们娘俩，爸爸是被人害死的。我那个时候只觉得妈妈可怜，爸爸也可怜，我们被坏人害苦了。

877.446279437
507.72474155
364.19371131
297.386904671
245.408215727
当前第6段,一共1471段


当前第7段,一共1471段


当前第8段,一共1471段
妈妈从小对我就很严厉。小的时候不准我挑食，我不想吃肥肉，吐了出来妈妈也逼我吃进去。我上幼儿园的时候，常常跪在沙发前不能吃饭也不能动，一哭就会遭来暴打，让我必须笑。我只能不停的笑，妈妈才不会打我。有次为了讨好妈妈拿了一个碗盛汤端去给妈妈喝，没端稳不小心摔跤打碎了，妈妈气的打了我好几个耳光让我跪了一天一夜。我的童年就是这样度过的，只是那个时候爸爸还在，家庭还有支柱，妈妈也还有精神依靠，所以日子也还没有那么难过。

1701.32565413
1007.50074118
700.754793271
558.925280148
482.999134814
当前第9段,一共1471段


当前第10段,一共1471段


当前第11段,一共1471段
爸爸走了之后，妈妈因为精神萎靡也不上班了。原先爸爸的朋友们，那些常来我们家的叔叔阿姨，再也不和我们娘俩儿来往了，真的是人走茶凉呢。打电话给他们的时候，只是平常的关心问候，别人生怕我们找他们帮忙似的，能躲多远就多多远。妈妈的痛苦我都懂，她很爱爸爸，我知道她是善良的。爸爸是农村来上海的大学生，妈妈很体恤他，婚前婚后所有费用都是外公外婆和妈妈自己的积蓄，因为奶奶和姑姑叔叔总是要钱，妈妈也拿出所有积蓄帮奶奶爷爷在老家盖了房子。爸爸去世后，叔叔姑姑爷爷奶奶再也没管过我们，面对我们有苦难病痛求助的时候也从未伸出过援手，奶奶打电话来只说原本指望儿子能享福的，希望我以后有出息能让他们过好日子。妈妈每次气的浑身发抖，常常摔东西揪着我的脸说，你看看你们“X”家的人，没有良心，你也是小畜生。我虽然不知道我做错了什么，但我理解妈妈对亲情的失望，她需要发泄，所以我从来没有回过嘴，我每次都是偷偷的哭，然后等她气消了撒娇讨好她让她别气了。

3031.32129581
1822.80227632
1338.52670901
1127.42779098
968.112791983
当前第12段,一共1471段


当前第13段,一共1471段


当前第14段,一共1471段
上小学的时候，如果我有考试考了98，99分不是满分，妈妈就会拿衣架皮带打我，拉住我的头发不停的扇耳光，说你这个没出息没用的狗东西，喂你吃的东西还不如喂狗。我每次考试只要考的一点点不好，我就怕的不敢回家在学校急的直掉眼泪，有时候妈妈来接我听老师说我考了几分不满意了，冲进教室就扇耳光当着所有人的面对着我怒吼。发烧生病都不可以休息，必须去学校哪怕昏倒在学校。那个时候班里的同学都对我很好，她们的父母知道我家的情况，常常带我出去玩安慰我。我知道妈妈只是和所有盼望子女有出息的父母一样，太希望女儿能够好好读书做人上人了。

1953.35446857
1157.33844361
846.320660383
654.894463217
568.375925185
当前第15段,一共1471段


当前第16段,一共1471段


当前第17段,一共1471段
妈妈不管是在外面受了气，和外公吵架了，还是上楼摔了一下，我当天都会遭受暴力。我那个时候还是孩子，再懂事心里也有怨有委屈。打我可以接受，但是很多侮辱性的字眼真的让我很受伤。我身体不好先天性心脏病，有一次我承受不住了进了医院，睁开眼睛的时候，我问妈妈我做了什么说了什么为什么摔东西踹门朝我狂吼还打我，我真的每天都努力做到最好想让她开心的。妈妈哭了，她说她只有我，她不可能去跟她父母发泄，她受了气她觉得失意的时候不朝我发泄还能去哪。我虽然很难过，但我知道一个女人自己带孩子的艰辛，骨肉相连，我每次痛苦不堪的时候都告诉自己她是我的妈妈，她生我养我她是爱我的，我必须要体谅她不能怪她。

1881.97420834
1220.69764234
893.434387322
761.248639649
668.473431386
当前第18段,一共1471段


当前第19段,一共1471段


当前第20段,一共1471段
初中有男生给我写情书，妈妈每天翻我的书包检查。而我粗心大意不止一次被她突袭发现了。她拿着情书去学校找班主任，找教导主任，让老师必须开会点名批评联系对方家长制止这种风气。我知道这样的事情在哪里都会发生，家长制止早恋再平常不过了。我只是收到情书并没有回应，大家都还是孩子谁青春期没做过这样的事情呢？这样折腾几次下来，班里学校里的男生都不大敢和我说话了，生怕被我妈妈盯上惹麻烦。这样的事情很平常，也算不上棒打鸳鸯因为我根本没那个胆子早恋，暧昧都不敢。可是初三因为我妈妈非要学校取消一个给我写情书的男生的保送资格，我至今都因为自己没舍得扔掉那封信悔恨不已，直到今天愧疚都压的我喘不过气。我当时跪在床边求她不要去毁了别人，我什么都没做为什么要这样，我跪在地上拉着她磕头求她别毁了别人的前途，我们又没早恋这算什么，她踩在我的手上说看我以后还有没有这个胆子搞这些花头，说我是贱货专门招苍蝇。

2901.49723446
1703.32115823
1262.9619002
1040.38478373
927.479937837
当前第21段,一共1471段


当前第22段,一共1471段


当前第23段,一共1471段
可能每个人的父母都有通病，你告诉他们科学道理他们不会听，他们固执的相信自己一定是对的。比如我告诉妈妈这些不能吃，她按着我的头非让我吃说不会有事，我明知道这样会有问题，可不想让她发疯还是会照做，如果我提出相反的意见妈妈就会说我以为自己读几个书了不起了猪狗不如现在看不起母亲不听母亲话了。我其实很痛苦，可是我看到了妈妈着急担心的眼神，看到她在医院忙前忙后缴费的背影，我就默默的把眼泪擦干告诉自己我不能没有良心因为这些事情就恨妈妈，妈妈是爱我的她在照顾我，她只是固执。这样的事情一直在发生，而我因为不想看她发疯遭受家暴，每次都照做，然后每次出现了恶果，妈妈就会说：不管怎么说，我是家长，你记住我错了也是对的，否则我养大你不如养条狗。

2098.38558305
1347.74937237
961.81636208
810.950032734
711.216161327
当前第24段,一共1471段


当前第25段,一共1471段


当前第26段,一共1471段
进了高中我整个人都内向的不行，安静沉默，小心翼翼。高考前妈妈的情绪特别不稳定，几乎每天都要发狂，我只要成绩下降一点点，就会被打的满地求饶。邻居阿姨们都很可怜我，常常给我送好吃的，把我妈妈叫出去然后把我抱在怀里告诉我，孩子你要忍住，要坚强，等你以后独立了就好了，你妈妈她也不容易。我在重点高中的成绩其实一直很好，但高考前夕频频的家庭暴力和太大的压力，导致我有门考试头脑一片空白考砸了。结果可想而知，一个不理想的学校，家对于我来说变成了地狱，我妈妈每天道理暴跳如雷用所有最恶毒的字眼骂我，她说我这种废物完全不需要活在这个世界上给她丢人，跟我的死鬼老爸一样指望不上。每天睡觉的时候都会被突然拽起来一顿打。我一遍遍的求她说，学校也不是那么糟糕，我以后一定会好好工作报答你的原谅我好不好，然而我的哀求从来都是无济于事。

2568.00221234
1558.98971158
1120.93155657
1003.58294076
801.589777511
当前第27段,一共1471段


当前第28段,一共1471段
后来不知道妈妈怎么想的，突然有一天跟我说，你出国吧，别上这个烂学校给我丢人，赶紧从这里消失几年省的别人问起你来我没脸提，也别去有人认识你的国家不然遇上我朋友孩子们了，我朋友知道都要笑话我，你以为你女儿成绩多好还不是高考失败了。我当时真的想不通，只是没有考上985 211的学校在国内都没脸活了吗？在没有任何积蓄但是成绩很好的情况下难道不是去有奖学金的大国家才有前途吗，不能遇上她朋友的孩子们不能被人知道又是为什么？妈妈也没有给我反抗的机会，我随了她的意愿，去了我不想去的地方，我甚至认为还不如在国内读书呢。

1934.74636058
1157.90960519
878.588356771
653.199317127
623.304377572
当前第29段,一共1471段


当前第30段,一共1471段


当前第31段,一共1471段
出了国我才真正的接触到了社会感受到了人心险恶，我才知道原来在电视剧里看到过的情节在现实生活中也是真实存在的。这个时候失败的家庭教育造成的阴影导致的性格缺陷就凸显了出来。因为长大了，生存的环境也不会再像小时候那样单纯充满善意。我从来不会回嘴或者反抗，每次只要妈妈不高兴，不管什么原因我都下跪求原谅，写检讨书，做一切我能做的让她消气。所以遇到了有人欺负我的时候，我也是躲着自己哭不敢解释一句，不敢反抗，不敢捍卫自己的权利。别人怎么对我，我就怎么承受，默默的从不吱一声。可怜之人必有可恨之处啊，有的时候并不是别人的问题，而是自己处理事情的方式有问题，怪不得别人。这个社会，有的时候，软弱是别人不由自主踩你一脚的标志。有因为她心仪的男生看上了我各种找我麻烦欺负我的，我吓得几个礼拜没敢去学校躲在家里哭；有编故事骗我把我耍的团团转问我借钱的，我被骗的几乎身无分文也不敢问别人要只能当没发生过，自己饿肚子打工赚钱，一天吃一顿两天睡一觉是常有的事，因为我不敢跟妈妈说；有逼我替她学习写作业不写就说要搞死我的，我怕的不行默默的成了免费代写工具耽误了自己的学业。

3544.92658473
2179.85104949
1556.64918996
1339.62213456
1087.42171706
当前第32段,一共1471段


当前第33段,一共1471段


当前第34段,一共1471段
后来这样的性格问题也直接导致了我失败的恋爱经历，我知道很多人都遇到过渣男，我遇到的是虐待狂。我的手机他随时需要查看有时候需要没收一两天，我边读书边打工赚的钱全部被迫用来满足他了，每天做饭洗衣做家务银行卡也得让他掌管。而我只要稍稍说一句自己的观念，他就会说他喜欢我是因为我柔顺脾气好没想到我也会顶嘴，逼我自己抽自己耳光惩罚自己顶撞他。我每次一听他河东狮吼，看他往我身上砸东西，我就害怕得瑟瑟发抖，我连一句反驳的话都不敢说。有时候他提太多无理的要求，我只要不答应或者不顺从，他就会喋喋不休骂脏话一整夜，我只要开口就会听到和我妈妈一样的指责：不得了了你还会顶嘴了，说话还会提高音量了。于是我只能像蚊子一样说话，日日夜夜以泪洗面。第一次也是在他的强迫下发生的，因为被强迫太痛苦了我宁愿被折磨死也不肯再有第二次，于是在他生理得不到满足的时候，我要么被没收手机穿着睡衣被他从我租他免费住的房子赶出去站在寒风中一整晚，要么就是疯狂辱骂我自私不懂得体谅男人需要的生理欲望。

3004.12214296
1764.71605334
1261.89311913
1071.74638559
959.620697442
当前第35段,一共1471段


当前第36段,一共1471段


当前第37段,一共1471段
我记得有个冬天我发着烧站在雨中实在撑不住了，倒在雨里我嚎啕大哭。我真的觉得活着好累，我多么想有个温暖的家，在我受到伤害的时候，可以给我温暖和安慰，我好想有个可以保护我的人，让我再也不被欺凌。我有时候也想不明白，是我在养着他，也是我在服侍他，他凭什么这样对我呢，可每次鼓起来反抗的勇气，在我面对他狰狞的发怒的面庞，他可怕的怒吼的时候，就全部消失殆尽了。我一打算离开他就被他的威胁吓的没了胆子，一透露给朋友一点点他就会疯狂虐待我。这样过了三年多，真的是度日如年啊。最后不爱管闲事的邻居们终于看不下去了，一起报了警作证，我才摆脱了他。警察问我要不要起诉他的时候，他跪在我面前求我说，他以后毕业了还要上班，不能有这个犯罪记录。我想了一个晚上，这是我爱过的人，他再坏再怎么伤害我，我都不忍让他前程尽毁，离开他老死不相往来就是了，也许饶恕他上帝会看到我的宽容，会保佑我好运呢。

2734.50366
1725.7544811
1258.56365564
1051.88925223
929.8354602
当前第38段,一共1471段


当前第39段,一共1471段


当前第40段,一共1471段
我回国的时候真的很想跟妈妈说，你知道吗你的女儿吃了很多苦，她很想你抱抱她摸摸她的头呢。可是我的妈妈似乎越来越不待见我，我待在家里她恨不能立刻把我赶出去。到家第一天早晨四点就把我叫醒，只要她起床看到我睡觉就会发火骂我，每天都说全世界没有你这样太阳都要升起来了还在睡觉的人。别人都去上班了你回国在家里睡大觉呢，别人上班都挣钱给父母呢。我有时候真的很累，哭的精疲力竭求她，妈妈我在国外很辛苦很劳累，让我在家里好好歇会儿我想睡一会儿好吗。可是我的哀求从来都是无济于事，我只听到了更多的畜生啊等等我听了一万遍的话。我因为在国外过度操劳病倒了，于是我每天都要听妈妈砸东西狂蹦乱跳盯着我吼说我花了她多少钱看病，要是不给我她自己省下来可以旅游的。我当时心里很愧疚，确实因为我交了渣男男朋友，积蓄都给他花光了，到头来看病还得妈妈付款。我每天晚上抱着自己哭，觉得自己没用愧对母亲，读了那么多书还没有报答她。可是在我的心伤痕累累的时候，我真的好希望这个我最爱的人，可以给我她的臂弯，而不是每天的暴力和辱骂。

2891.26566241
1830.25514389
1325.8035032
1149.4777133
1025.58441425
当前第41段,一共1471段


当前第42段,一共1471段


当前第43段,一共1471段
因为妈妈不希望我待在家里，我又回去继续读书了。学习越来越繁忙，我没有时间再工作了。因为妈妈无数次的念叨钱钱钱，我身上的压力已经压的我快撑不住了。长期紧绷的神经越来越脆弱，我已经好几年没有安安稳稳的睡过觉了，经常夜里惊醒，摸摸枕头都是湿的。我的妈妈还是每天发消息向我发脾气，逼迫我做我不愿意的事情，而我逆来顺受惯了，依然顺从她不想让她着急生气。可这样频繁的打扰和施压，我越来越抑郁，根本没法专心学习，于是学业一落千丈。前几天因为妈妈的刺激我一时精神恍惚，犯下了让我前途尽毁的失误。。。

1561.17751404
919.302822988
647.879777642
528.422213817
473.003957284
当前第44段,一共1471段


当前第45段,一共1471段
我知道我的妈妈是个可怜的女人，我一遍一遍的告诉自己她是爱我的，也许是我不够强大，太容易被击垮，才有了这些悲剧。我也不怪任何伤害过我的人、苍蝇不叮无缝的蛋啊，如果我不是这么没用别人也没有胆量肆无忌惮。我的性格问题，就是来自失败的家庭教育，和成长的阴影。

801.014754664
462.073579645
312.795951743
256.159788141
223.162113307
当前第46段,一共1471段


当前第47段,一共1471段
希望天下的父母们，都能用正确的方式对待你们的孩子。有的时候爱是爱，伤害是伤害，你的心里爱孩子不代表你的行为没有伤害孩子。父母生养了孩子，的确是对孩子有恩情，但同时，恩情不代表父母就不会给孩子带来伤痛。孩子是家里的花朵，你们都要好好的爱护你们的花朵。

735.252625392
438.68346993
308.394645348
226.081886212
191.236957561
当前第48段,一共1471段
编辑于 2016-10-25

当前第49段,一共1471段
1

当前第50段,一共1471段
​9 条评论

当前第51段,一共1471段
​分享

当前第52段,一共1471段
​收藏​感谢收起

当前第53段,一共1471段


当前第54段,一共1471段
知乎用户

当前第55段,一共1471段
职业情感工作者，微信号：xrktoh可以找我唠嗑

140.424083286
87.4705063266
62.9759026395
54.5227514603
42.5963976449
当前第56段,一共1471段
1 人赞同了该回答

当前第57段,一共1471段
曾看过一个关于大贪官成长过程中的研究分析报道，令人震惊的是他们的青少年时期大多有过家庭或个人的苦难经历。有些是长辈有意设计安排的“锻炼”，有些是时代与家庭际遇造成的，甚至是某个人造成的，给当年的他们留下了深刻的心理创伤。他们总感到社会亏欠了他们很多，潜意识中充满了报复动力，一旦有机会便把这种意识动力付诸实践。另外，他们在中国式教育中养成了“言行不一”的弊病，一个是明处的自我，另个是暗处的自我，在西方人眼里就是“双重人格”心理障碍症，这也是他们蓄意报复社会的一种扭曲行为意识。

1680.80401833
861.635711473
654.486415546
497.843291887
446.97012616
当前第58段,一共1471段


当前第59段,一共1471段


当前第60段,一共1471段
在中国，我们经常听到这样的话，比如＂吃得苦中苦，方为人上人＂，还有＂苦难是一笔财富＂，还有＂诸如童年的苦难给了我现在的成功＂等等。在这样的语境记下，我们逐渐获得了一种这样的价值观那就是：苦难是有价值的！甚至认为：苦难是一种必要的存在，没有苦难的经历我们就不可能获得幸福。这些观点是多么的荒谬，却又是多么的流行啊！

1050.09114365
524.880522764
376.466853739
279.145661227
251.668231436
当前第61段,一共1471段


当前第62段,一共1471段


当前第63段,一共1471段
现代的心理学的研究证明：快乐的童年是人一生心理健康的保证！苦难的童年是重度精神病、心理障碍等病症的源泉。可以说，任何病态的人都可以在童年的苦难经历中找到他病症的原因。反过来说，任何童年遭受过伤害的人，都导致成年后的心理疾病。我们在童年遭遇苦难，就会在心理上形成情节。情节对于人的行为的影响非常的大，会阻碍让我们健康的成长，情节使很多人终身都停留在童年的阴影中，无法走出来。

1158.88258568
714.733084636
470.75115125
378.242998039
340.776130048
当前第64段,一共1471段


当前第65段,一共1471段
那么，＂苦难＂这种被现代心理学研究所证明的导致病症的经历，为什么会在我们的文化和价值观中，一直占有重要的地位？这种违反人性、违反人正常心理的心理历程，为什么会被赋予价值？难道我们都是疯子吗？难道我们都是渴望被伤害的自虐狂吗？难道我们会对对于我们遭受的伤害浑然不知吗？这其中的原因值得深究和解读。

814.9353494
453.265809325
321.425095696
263.239165241
241.439399645
当前第66段,一共1471段


当前第67段,一共1471段
人类心理的感受是非常敏感，我们之所以给苦难赋予是一种自我的慰籍，是因为人的内心无法接受没有意义的自我存在，所以，当我们不能够从经历中体验到健康、快乐这样正常的人生意义感，我们就会转而寻找补偿！什么样的补偿呢？就是对我们所经受的＂苦难＂赋予价值和意，但很显然，这种补偿是病态和扭曲的，是一种自我的欺骗。但可怕的是，如果这种病态的＂补偿＂如果被我们的心里模式固化，那么我们可能就再也体验不到健康的价值了！我们会误以为＂伤害＂才是真实，从而对快乐的体验产生负罪感！这是非常可怕的事，因为我们将再也体验不到真实的人生，而这种＂自虐情节＂不真实中国文化的一个重要的特征吗？历代统治者也乐见其成，宣扬并赞美此种病态情节，从而成为中国文化的一种隐性的病态基因。

1823.74971062
1003.24953656
781.762863322
658.449805845
611.693443744
当前第68段,一共1471段


当前第69段,一共1471段
心理学研究发现，这种替代性的心理满足，仅仅是一种虚假的满足，并不能心灵带来真正的满足！其中重要的表现就是：这种需求会变成欲望而且永远无法被满足，就像吸毒一样的成瘾症状，对人的伤害极大。苦难被赋予的虚假意义只是暂时的欺骗了我们，我们内心真实的需要依然存在，这就将使我们不可避免的陷入焦虑之中。因此，我们要对这种苦难带来的虚假价值进行彻底的抛弃，这样我们才能获得健康的人生。

1054.56986464
591.776113484
411.862111425
337.626996433
308.872469795
当前第70段,一共1471段


当前第71段,一共1471段
人生需要意义，个人需要价值，这种强烈的需求很多时候使我们饥不择食，使得那些奴役我们的观念也被我们所接受，使我们成为了它的奴隶。在心理学高度发展的今天，我们已有了思维的工具，因此必须走出这种虚假意义构建的价值观，勇敢的拥抱健康快乐的人生，否则我们也太对不起这个互联网时代了！

755.851785645
428.119756015
299.742849486
264.650300711
190.987530372
当前第72段,一共1471段


当前第73段,一共1471段
＂真善美＂是人和世界的本质！健康、快乐、幸福是人最真实的需求，任何欲将人置于＂苦难＂价值之中的观点，都是奴役我们的欲望在发动，包括我们自己。我们每一个人，都需要勇敢的接受真实的自我，建构没有苦难的人生。

463.743146863
310.203975302
236.850465391
155.437767535
163.183576737
当前第74段,一共1471段


当前第75段,一共1471段
发布于 2016-07-29

当前第76段,一共1471段
1

当前第77段,一共1471段
​添加评论

当前第78段,一共1471段
​分享

当前第79段,一共1471段
​收藏​感谢收起

当前第80段,一共1471段


当前第81段,一共1471段
迮星

当前第82段,一共1471段
1 人赞同了该回答

当前第83段,一共1471段
唯一能做的修复就是自己有足够能力逃离，不见不念，把恨放在心底，见不到了自然不恨了。

381.378274849
201.785654459
136.561485585
119.33806596
85.230247006
当前第84段,一共1471段
发布于 2016-01-22

当前第85段,一共1471段
1

当前第86段,一共1471段
​添加评论

当前第87段,一共1471段
​分享

当前第88段,一共1471段
​收藏​感谢

当前第89段,一共1471段


当前第90段,一共1471段
农民卡尔

当前第91段,一共1471段
突然发现“爱情”这场游戏我玩不起。

当前第92段,一共1471段
1 人赞同了该回答

当前第93段,一共1471段
往事不可追。只要从这一刻起真心诚意地善待他，在适当的时候，用适合他年纪的方式，告诉他当年你的真实感受就好。做你觉得正确的，不要预设结果

502.251652101
283.638094778
182.337990052
126.766002361
119.834090392
当前第94段,一共1471段
发布于 2015-11-20

当前第95段,一共1471段
1

当前第96段,一共1471段
​添加评论

当前第97段,一共1471段
​分享

当前第98段,一共1471段
​收藏​感谢

当前第99段,一共1471段


当前第100段,一共1471段
魏焕耘

当前第101段,一共1471段
过去只可以是用来回忆，别沉迷在阴影中，那永远看不清前面的路。

238.989248384
138.766813848
105.88994413
66.4560024822
58.264936827
当前第102段,一共1471段
1 人赞同了该回答

当前第103段,一共1471段
那道缺口可能被时间缝合，但疤还在

当前第104段,一共1471段
发布于 2015-11-12

当前第105段,一共1471段
1

当前第106段,一共1471段
​添加评论

当前第107段,一共1471段
​分享

当前第108段,一共1471段
​收藏​感谢

当前第109段,一共1471段


当前第110段,一共1471段
匿名用户

当前第111段,一共1471段
1 人赞同了该回答

当前第112段,一共1471段
本来匿名，怕大家说，这么大年纪，还这么矫情。

164.030676462
91.5464015602
55.2178009132
44.6036180241
36.2373702311
当前第113段,一共1471段
答案藏的这么深，仍然有人读到，不是因为飘溢的酒香，而是有人恰巧躲在巷子的角落里。

336.742483332
203.053238664
133.068340967
92.1554921465
67.1704485467
当前第114段,一共1471段
说明社会虽然进步了，国人对教育对心理问题也越来越重视，但有些人有些事受根深蒂固的传统思维影响，教育的方式方法仍然有需要改进的部分。

417.421457445
241.360494593
164.198014283
138.08719827
108.229335669
当前第115段,一共1471段


当前第116段,一共1471段
想了想，不匿了。作为教材，让大家了解童年的创伤危害之大，程度之深，才能接受教训，避免重蹈覆辙，让悲剧一代又一代的传递。

355.608595123
201.811255738
149.577918346
124.411966602
93.5125115333
当前第117段,一共1471段
——当然我明白改变父母是不可能的。我们完全可以做到的是一代人比一代人觉悟的多一点，就足够了。“进步”积累的足够了，“进化”自然而然的就实现了。

466.542106832
233.684981069
183.495775018
146.200277716
113.774256903
当前第118段,一共1471段


当前第119段,一共1471段
——————————————————————

33.8473774572
30.8094704837
16.7349421466
16.7975821557
9.98621896719
当前第120段,一共1471段
第二次的回答：

当前第121段,一共1471段


当前第122段,一共1471段
我母亲今年80了，战斗力丝毫不减当年啊。前两天，我与姐姐聊天说：想养一条狗。因为我的孩子大了在很远的城市生活，我也快退休了。母亲听说后，专门打电话说要见我。我刚进了母亲的家门，劈头盖脸的就来了：

733.798628549
420.907101929
271.404743308
223.50138763
169.75354717
当前第123段,一共1471段


当前第124段,一共1471段
“你要养狗？”真的是严词厉色。

当前第125段,一共1471段


当前第126段,一共1471段
“你在哪里养狗？放你那间屋子里？放你床上？放你床底下？放你口袋里？你走哪里带到哪里去？·····”

361.271971146
160.71828872
111.942086972
95.5912702543
102.722831448
当前第127段,一共1471段


当前第128段,一共1471段
“你觉着你成人了！没有人能管得了你了！你想怎么着就怎么着！”

192.124207609
111.27336449
78.9934162788
61.5710282554
38.4358191515
当前第129段,一共1471段


当前第130段,一共1471段
“你养了狗，就是不许别人去你家了？”

当前第131段,一共1471段


当前第132段,一共1471段
“有我在一天，你就想都别想养狗的事！”··················

128.380145577
77.2030774828
57.8394939913
35.7250188634
51.2666453068
当前第133段,一共1471段


当前第134段,一共1471段
然后，见了谁就向谁控诉我的不孝顺。

当前第135段,一共1471段
——————————————————————————

10.8259614254
20.8060580178
9.53646407835
19.1874651804
9.13199966466
当前第136段,一共1471段


当前第137段,一共1471段
第一次的回答：

当前第138段,一共1471段


当前第139段,一共1471段


当前第140段,一共1471段
家庭原因造就的童年心理创伤有可能被修复吗？

99.965751398
62.3653967388
36.1464792677
34.4061955155
21.8951430343
当前第141段,一共1471段


当前第142段,一共1471段
      我想以我50年的经历，告诉你：不能！永远不可能！

157.516006892
88.0568993879
53.1494636235
35.2356413232
31.8144961639
当前第143段,一共1471段


当前第144段,一共1471段
我创伤的症状之一就是不会哭，严格的说是：不会出声的哭，我一辈子没有酣畅淋漓的哭过，无论是肉体的，精神的，苦难，病痛，欺凌，孤独，伤心，绝望·······

455.749311946
229.133465924
148.19097164
102.848266622
99.0873227275
当前第145段,一共1471段


当前第146段,一共1471段
我的童年是在提心吊胆中度过的，每天期盼的事是母亲今天别回家，别看见我。

208.460945545
121.958716645
79.2511519002
50.4313241881
40.2006814093
当前第147段,一共1471段
我的母亲打我的方式是极其委婉的，为了保存体力，母亲对我更多的是言语暴力。掐我的大腿根，胳膊的大臂内测，这些敏感部位痛觉感强一些，但不会造成血淋淋的外伤。所以，我的大腿内侧，通常都是青紫色的，这么隐秘的部位，别人是看不到的。——我的母亲相比那些简单粗暴的人，段位是不是高了些？

942.980243215
495.039020155
351.194706183
269.410067085
231.74676141
当前第148段,一共1471段


当前第149段,一共1471段
     母亲打我的理由是没有理由。

当前第150段,一共1471段
当我试图分辨：“这不是我干的。”  

当前第151段,一共1471段
 或者 “我就是按照你说的做”的时候，  我会得到超时加倍的殴打。

203.069520414
122.404527416
76.8864665651
56.8365620952
55.4731978636
当前第152段,一共1471段
“我说什么就是什么！对的是对的！不对的也是对的！没有你讲理的份！”这句话伴随在我童年中，与母亲相处的每时每刻。

284.160803567
156.962960443
103.410837835
97.6498644993
77.7854947345
当前第153段,一共1471段


当前第154段,一共1471段
当然，母亲打我的时候，是不准我出声的，否则待遇等同“试图分辨”。

154.046100916
65.2473510951
57.4864586773
62.367004433
48.5567566264
当前第155段,一共1471段
于是我不会哭了。

当前第156段,一共1471段
9岁那年，切菜把左手食指的指甲部位几乎全部切掉，我没有哭。只是哆哆嗦嗦的把菜里面的指甲捡出来，摁在我的手指上

400.010947661
214.374709107
155.701979473
123.638828791
96.3599227785
当前第157段,一共1471段
——你们别说什么消毒不消毒，我的指甲居然长好了！

219.167458127
106.272461844
58.7048392688
53.1172172246
26.8009380627
当前第158段,一共1471段


当前第159段,一共1471段
     家里唯一疼我的奶奶去世了，我没有嚎啕大哭，连啜泣都没有，只有泪水顺着我的脸颊无声的流啊流啊流啊流。

344.801153136
184.29422447
115.442802789
105.905796995
76.2266012646
当前第160段,一共1471段
影视剧里，边诉说边哭泣，加上音乐和节奏，感染力煽动力最强，是增加眼泪指数最高的利器。相比之下，我的表达凄楚的形式渲染力简直弱爆了，可我稍微说我头疼，周围的那些婶子大娘们，都说是因为我哭的太厉害了。其实我即使是流泪，也是背着人的，我只会躲在角落里流泪。神奇的婶子大娘们居然能如此的懂我。

926.885781559
531.824362271
374.008953314
270.688284109
255.533479757
当前第161段,一共1471段


当前第162段,一共1471段
     我生孩子的时候，我没有哭。

当前第163段,一共1471段
凌晨1点骨缝开了4指，到了下午3点还是4指。就是说长时间隔的阵痛，短时间隔的阵痛，我忍受了十几个小时。

359.227841933
145.437542352
121.872607548
116.732361995
84.1451668282
当前第164段,一共1471段
在产房里的撕心裂肺的大呼小叫，哭天喊地的鬼哭狼嚎中，那个左手掐右手，右手掐左手，或者咬着下唇的人，是忍者神龟我。而且冷静理智的我，还知道不能持续固定的咬同一个位置，必须隔一段时间换换地方，要不然咬掉嘴唇就丑了。

558.670575976
324.413235287
248.23232327
192.370115858
159.774288397
当前第165段,一共1471段
       你们以为这是高潮吗？没有量血压，验血验尿等常规检查，就被紧急推到手术室，麻醉没有扩散，我的剖腹产就进行了·········

418.14465189
226.341186342
158.632034016
121.409411268
97.9066495767
当前第166段,一共1471段
比不上关云长刮骨疗伤饮酒淡定，我的左右手没有办法互掐，我不知掐到哪位医护的手，被ta狠命的甩开了。这里再次道歉：对不住了！

386.444732967
216.494258556
158.241615731
110.682445938
100.12233969
当前第167段,一共1471段
     这期间，我没有哭，一滴眼泪都没有。没有叫，产房的噪音里我不是肇事者。

232.271574303
132.820939444
81.883647866
70.5669463081
56.5062304346
当前第168段,一共1471段


当前第169段,一共1471段
虽然我“不会”哭，却不是因为坚强。它是病——我不想这样，我羡慕感情自由流淌的人。

287.391228512
162.615647754
114.349417111
92.8201750018
87.6683958654
当前第170段,一共1471段
编辑于 2016-02-02

当前第171段,一共1471段
1

当前第172段,一共1471段
​2 条评论

当前第173段,一共1471段
​分享

当前第174段,一共1471段
​收藏​感谢收起

当前第175段,一共1471段


当前第176段,一共1471段
匿名用户

当前第177段,一共1471段
1 人赞同了该回答

当前第178段,一共1471段
从小被打到大。家在农村，家里重男轻女，我是第二个女儿，爸爸妈妈很想要一个儿子，所以我的名字也是为我弟弟取的，有一段时间我很讨厌我的名字，甚至想过改名。小时候不讨人喜欢，好像是说我作为一个女孩子经常打架吧，但我本性绝对不坏。除了爸爸妈妈以外，伯伯婶婶也打过我。现在我长大了和爸爸他们说起小时候的事他们就说我这人总是记仇，有时候我也怀疑自己这样是不是真的很不好，我也不想记得这些让人难过的事。

1510.30610824
918.967662202
638.317656755
471.986529381
418.378998757
当前第179段,一共1471段
家里孩子多经常一起玩，有一次我和堂弟打打闹闹，我真的只是把手放在他脖子上并没有用一丁点力气，他也根本没哭没说痛。后来我弟弟跑来跟我说婶婶要给东西你吃，我当时那么小就知道肯定不是要给东西我吃，但是我也不知道犯了什么错，到婶婶家里，爷爷奶奶叔叔婶婶坐在客厅里，婶婶笑着喊我过去然后使劲掐我的脖子，永远忘不了爷爷奶奶叔叔的漠然和婶婶的笑，当然也没有反抗，爸爸总是教育我要尊敬长辈，所以自从我懂事开始从来没有对他们不好，做到了一个晚辈应该做的。而我的爸爸妈妈也没有帮我，这是让我最难过的。

1774.44988776
1070.9463387
715.108085626
580.293601638
538.356256487
当前第180段,一共1471段
三年级的暑假姐姐和弟弟都生了一场大病，爸爸妈妈太辛苦了。姐姐病刚治好回来弟弟又住院了。我是在阿姨家住几天姑姑家住几天度过我两个月的暑假。到他们回来的时候我已经不认识他们了，就连他们从我身边走过我都没认出来。从那时开始以前我和姐姐分工做的家务就都是我一个人做(对此我没有一点怨言，姐姐生病了，而且姐姐很小就开始洗衣服做饭带我和弟弟，他以前比我更辛苦，那个时候家里条件不好爸爸妈妈也很辛苦，)。每天吃完饭我要洗碗，而吃完饭我很喜欢看的电视已经开始了，而只有爸爸一个人还在吃(小时候爸爸不让看电视，基本只有暑假和星期五晚上能看)，姐姐和弟弟已经在看了，我坐在饭桌旁边求爸爸快点吃完我好洗碗(真是不知道当时脑子在想什么，我现在都不敢这样要求我老爸)，我爸生气的把碗给摔了，狠狠的训了我一顿。。。。十几年过去了我还记得那只碗长什么样(太对不起那碗了)。虽然这个没有打我，但是给我的伤害比打我更深，从来不敢顶嘴，不敢说自己想法和感受，自卑到骨子里。说起看电视，有年暑假我们全家追一部剧，爸爸大结局没看，第二天吃饭的时候问起来了，我很开心的告诉他结局，他却瞪着我说要你说，就你知道，我楞在那里，很怕他。

3584.60296271
2298.52422408
1669.45215311
1307.07724332
1258.81342546
当前第181段,一共1471段
我成绩很差，而姐姐弟弟又很好，这也成了现在爸爸说管我那么严的理由。有一次没考好(哈哈。其实是经常没考好)，爸爸很生气，后果很严重。我被要求罚跪，在暑假的中午，我跪在家门口的水泥地上，膝盖下面全是汗水，地上都湿了，更让我难堪的是，我家在马路旁边，来来往往的人都看着我。心里阴影很大。像这些都是家常便饭，什么跪洗衣板，要我收拾东西走人每次都没出息的停在离家不到四百米的水塘边就不敢走了，哈哈现在后悔了，要走就走远嘛，挨打什么耳光皮带竹条用脚踢通通都是小case。后来再考不好我就被罚抄书，哈哈，以前是被撕书，那些坐在家门口一张一张对页码，把撕碎的纸拼起来的日子记忆犹新呐。还有扔书，寒假又没考好，那天下着雨，他顺手就把我的寒假作业扔进雨里，想想我那坐在门口晒书的样子就想笑，所以我的书总是稀巴烂。还别说抄书真的有用，见效快，那次期末考试我就考了前十名。从此我就走上了死记硬背，抄书抄笔记的不归路，虽然不明白大部分内容，但是考试用得着呀，爸爸高兴呀，我不会被打呀。

3112.84388828
1779.71296681
1310.7042559
1126.07945126
1034.28349796
当前第182段,一共1471段
后来家里条件好很多了，初中在农村读了半个学期后转学到市里读书。讲真，我从小不被鼓励不被尊重没主见长得不好看穿的丑没人喜欢又自卑，一下子到了城市这个新环境，更自卑是难免的。我听不懂同学讨论的东西，搭不上话，很土很土，家人说小孩子读书为重，穿那么好干什么，然后从此只读书什么都不管了。到那个城市一年哪都没去过，每天就是家里学校，在学校里也是每天在座位上看书。姐姐和我一模一样，那次期末考试我们俩都考到了前三名，我数学从之前的3分(真的是3分，在老家学校数学测验我考了三分！因为是测验然而爸爸并不知道，不过得承认那个时候刚上初中，学习真不好)考到110多。爸爸很开心。但是后来一次考试我和姐姐都没考好，没考好也至少是前十名，爸爸很生气，我们从学校回到老家，他一整天都是板着脸，为了惩罚我们，他要我们在家里的小工厂里干活，大夏天的中午在偌大的水泥地上刷油浆，其实干活对我们来说不算什么，我受不了冷暴力，害怕他的眼神，冷眼看你，很害怕。他还说过奖励，我和姐姐都考第一名的话他就戒烟，我们都考了，结果他很开心，只是笑笑不戒烟。他说考上好高中就给我们买mp3和手机(暴露年龄了→_→。)，其实那个时候我并没有要求这些，是他自己说的，我也只是听听不说话，心里很清楚不会的，已经不是第一次没兑现了，习惯了，所以真的考很好也没找他要这些。

3806.5503724
2334.91209387
1746.38185554
1436.68508566
1230.52209215
当前第183段,一共1471段
后来我又转了一个学校，那个学校更好我更自卑，更不爱说话，穿衣服还是很丑，衣服总是不够穿，但是我和姐姐很奇怪，不会主动说要买衣服，他们问也都是说够。有次我冬天穿了一件秋天外套外面再套一件校服，因为仅有的两件棉袄洗了没干，他们来看我问我这是怎么穿法，我和姐姐却也不会说没衣服穿。在新的初中里我基本不说话，每天看书，因为自卑因为怕考不好爸爸生气，基本没有同学，只有一个在补习班认识的同班同学关系比较好，同学们其实都很好，曾经他们也想过帮我变得活泼外向，但是我的自卑和死脑筋让我拒绝了，家长向我灌输的学习才是一切的观念让我拒绝了和外界的交流。曾经我的同桌离我家很近，中午来喊我去上学，我家人跟他说你以后不要再来喊他了。周末我也是不能出去的除了补习。但是弟弟来了同一所学校后，他周末是可以出去玩的，因为他是男孩子。后来有一次老师要我改全班同学的作文，有个同学在作文里写到我终于考的比那个我认为是机器人的好学生了，当时是在被窝里面看作文的，然后就一直躲在被子里哭。跟家人说他们只是当个笑话听，却没有给我一点帮助，当然这种事情也只能怪自己，那么自卑那么想考好成绩才选择了不讲话不交流。所以当知道别人再说我是机器人怪物的时候我已经不哭了。那个时候我初二，妈妈突然去世，在学校里表现得更自闭。姐姐高一，一个人在学校租房子住，因为以前也是和我一模一样，一个人生活很痛苦，不会交流不会照顾自己，她开始花很多时间和同学交流，和家里关系很差，学习也变得很差，以前他们总是把姐姐当我的榜样，后来他们很不喜欢姐姐，觉得他不听话，总是吵架。那个时候我就觉得姐姐就是另外一个我，我以后也会这样。

4575.33058588
2940.24434591
2216.31664583
1998.68881281
1701.02681965
当前第184段,一共1471段
整个高中我没让他们操心，还是不交流只学习，他们每次来看我们(我们三个在学校租房住)都是说姐姐和弟弟，总是夸我自觉，我就更加觉得我的方法很正确。从来没有不听他叛逆过，而姐姐不好好学习追星弟弟抽烟早恋总让他们伤透脑筋，所以整个高中也没有真正的关心过我，因为我学习好他们也不管我，感觉是被忽略了，很难过。我考的最好的一次是年级第一，很开心的跟爸爸打电话，爸爸说哦，我在打牌！当时一个人坐在房间里哭，很失望。高三我面瘫心情很差，再加上我越来越觉得一个人很孤独，还有一些其他原因，高三确实放松了很多，然后考了二本。

1709.96417588
1071.10297983
731.742889748
596.931708745
536.783725119
当前第185段,一共1471段
大学让我很难过，一直到现在大四了还在难过。不会交流，特别是男生，说话就脸红，问一句答一句，女同学也没话说，经常就是一路沉默尴尬，从来只有别人跟我主动说话，我对所有话题都没感觉，没看法，我也感觉到别人在很努力的引导我帮我，但是长进很少，大一参加了一个协会，里面都是活泼外向的人，我总是没话说，曾经努力的想融入过，那种不是一个世界的感觉不知道你们知不知道，所以每次参加完活动回来我总是哭着给家里打电话，跟爸爸话很少，我给他发短信他从来不回我，只好和后妈打电话，每次她说的话都一样，没事的你自己看着办啊，你可以多出去走走啊，到大街上找人聊天啊，每次我都要给他解释我在考什么证，最近在做什么，每次说了她都不记得下次再问一模一样的问题，后来我不在给家里打电话了，看到家里来的电话我就烦，有时候我觉得我很坏他们那么辛苦我还烦他们。

2426.00658761
1476.17279837
1067.42684867
933.715102135
822.714386768
当前第186段,一共1471段
由于我的自卑没主见表达能力差，我是一个老好人，别人不管要我做什么我都做，做了之后很难过为什么要答应，没答应就很自责。有时候我觉得很过分的要求也答应，开始很讨厌自己也没有很认真学习，到了姐姐高中那种状态。但是我们从来不在别人面前表现出来，不想让家人担心。对家人还是很好，在家里还是表现的很好很听话，但是内心里很讨厌回家，跟他们没有感情，越来越讨厌爸爸命令式的口吻。后来我跟他们说了我的状态，爸爸说那你现在就多出去走走多交流交流。可是说的很好，一到放假就要我们回家，我的朋友同学都在离我家车程两个小时的地方，家里在农村，每天只能在家，很无聊，每天早上不能睡懒觉，他们起来了即使没事也要喊你起来，做家务是常态，我讨厌在家里做家务，刚刚整理好就弄乱，地板从一楼拖到二楼，早上晚上各一次，不管每天怎么收拾都很脏乱，爸爸也不尊重劳动，垃圾丢地上等等让我在家里变得很烦躁。大一寒假，和高中同学约好我去找他们玩，结果以各种理由不让我去。那个时候我问姐姐你怎么不想去找同学玩，她说已经看透了，又不是第一次了，她问都不会问他们意见，直接跟同学说不去。现在他们问我们怎么不出去玩。。。。。。要我们多出去走走。。。。。

3002.11127855
1822.01209369
1417.87973369
1275.45710907
1055.28996931
当前第187段,一共1471段
我以前很节约，高中时的生活费存了500块想买mp3听歌，又不敢买，问了他们的意见当然是不让买。那个时候不让看课外书，不让听歌，我弟弟带回来一本水浒传都不让我看，初中时因为我和姐姐晚上睡早了没听到爸爸妈妈打来的电话，他们以为我们去另外一个房间看电视了(初中也是不能看电视的)，他们居然连夜从老家开车两个小时到上学的城市捉我们。后来弟弟要交补课费，爸爸还没有把生活费送过来，我就先垫着，他说过要还给我的。后来没有。大学我存了几千块钱，也是弟弟要用钱我垫着，他说过要还我，后来没有。理由是我又不是不给钱你用，你要用钱你找我，再说了，你的钱就是我的钱。不是爱钱，我觉得很不被尊重，很难过，现在我已经不存钱了。

1786.2079779
1055.65305312
785.82020564
641.21584592
601.791694989
当前第188段,一共1471段
现在大四了，很讨厌回家，回家了爸爸后妈只是一味的买东西给我们吃，他们打他们的牌，我和姐姐弟弟坐在一起玩手机，有时候回去三四天，爸爸只在家里吃一顿饭，以前忙生意可以理解，现在不忙了。。。还是这样。不知道我们回去有什么意义，姐姐和我还晕车。。。今年我和姐姐都在准备考研，十一和中秋都不准备回家，也明确跟他们说了原因，希望他们理解。中秋的时候爸爸给姐姐打电话说你们太不像话了，中秋别人家都回来，你们一个都不回来，十一你们给我都回家。本来我备考心态时好时坏，刚刚调整好的心情就爆发了，我和姐姐深知我们回去绝对不是呆一天两天，而且一旦一段时间没有学习，很难进入状态。自从那个电话之后，我这么多年的难过忍耐都没办法控制了，结果就是回家一个星期，从中秋节到现在我都没调整好过来，姐姐也差不多，刚开始还去图书馆，但是看不进去书，每天晚上一个人在走回寝室都要哭一场，越来越讨厌和他们说话。不知道大家有没有考过研的，能不能理解我的心情，已经绝望了。对我的家庭，对我自己。

2595.0622723
1546.18204348
1217.55933798
1010.04752549
861.465663774
当前第189段,一共1471段
昨天爸爸后妈给我打电话又是问我在干嘛呀，我说玩电脑看电影，他们意识到不对劲，问我国庆回来一直没看书吗，我说是啊，看不进去，他们说你既然要考试了就好好考呀，别考一半呀，我说看不进去，他们说你出去走走啊，把你同学朋友叫上出去玩啊，我心里在哭，我哪来的朋友，唯一的已经工作，你去逛街啊我们给你打钱买衣服，我很难受说我不想说了挂了电话。后来估计是给姐姐打电话知道原因，给我发短信说对不起他们忽略了这些，不知道我的感受，其实我已经跟他们说了很多遍我的感受，从不在意，很反感这些短信，没回，删了。

1498.73430954
914.229001868
689.734163507
525.506206619
501.866647463
当前第190段,一共1471段
对不起，跑题了，看到话题想到小时候被打到现在的管太严，写了很多，很乱，也很难过，对不起可能会给你们带来负能量。我感觉我现在心理很扭曲，拒绝和外界交流，虽然外表好看了很多，然而并不能改变内心的自卑，无知，和对家庭的反感，以前做的什么事都是他们开心为主，现在才开始有了自己的感受，很抗拒和他们的交流。

1017.4946819
623.195031877
439.926639977
366.768176191
291.42493528
当前第191段,一共1471段
2016.3.9。后来我放弃了，去事务所实习，浑浑噩噩过了两个月。姑姑知道我心情不好，问我想不想去深圳过年，我给爸爸打电话，他说了一大堆奇怪的话，你去啊，我说我没钱，他说你跟着你姑姑你怕什么。后来姐姐问我跟爸爸说什么了，爸爸骂了她一顿，也跟弟弟说了什么，弟弟很难过，不过他不愿意告诉我。也是那天我发现弟弟不理解我，他总是觉得我想太多，我之前把我所有的想法告诉过他，希望他能够帮帮我，他对我来说是哥哥一样的存在，可是他并没有。我很失望，以后也不会再跟他说这些了。过完年后回学校，什么都不想做，没有去找工作没有写论文没有准备考试没有好好吃饭，每天睡觉，一片迷茫，不知道为什么会变成这样，这是为什么，为什么

1748.0892684
1054.43983642
815.075762195
704.293096922
570.443509805
当前第192段,一共1471段
编辑于 2016-03-09

当前第193段,一共1471段
1

当前第194段,一共1471段
​4 条评论

当前第195段,一共1471段
​分享

当前第196段,一共1471段
​收藏​感谢收起

当前第197段,一共1471段


当前第198段,一共1471段
南瓜驴

当前第199段,一共1471段
一个无趣的人。

当前第200段,一共1471段
1 人赞同了该回答

当前第201段,一共1471段
爱。

当前第202段,一共1471段
发布于 2015-10-05

当前第203段,一共1471段
1

当前第204段,一共1471段
​添加评论

当前第205段,一共1471段
​分享

当前第206段,一共1471段
​收藏​感谢

当前第207段,一共1471段


当前第208段,一共1471段
匿名用户

当前第209段,一共1471段
1 人赞同了该回答

当前第210段,一共1471段
先来讲讲我的奇葩故事………………………………………在我8岁的时候妈妈生了一个妹妹，在我10岁的时候妈妈又生了一个妹妹，爸爸上班妈妈普通家庭妇女一枚，爸爸忙，孩子多，夫妻缺少有效沟通，导致妈妈怨气冲天，在没有安全感中满满负能量用毕生作死的方式悲催的找寻着自己在家庭中的存在感，我们姐妹就在这战火纷飞剑拔弩张的家庭氛围里，胆战心惊的长大了。在我的童年里我感受不到爱，永无休止的分担家务哄孩子承受父母的战争附带妈妈的出气筒，两个妹妹则沦为妈妈作死的筹码，经常以“孩子不是我一人的”被扔到爸爸单位去脸对脸哭到背气，童年所有对家庭的记忆是妈妈永无休止的歇斯底里和爸爸的沉默叹息。……………………………………………………………姐妹中我老大，这种家庭固有地位造就我勇于承担责任和急切的希望自己长大脱离这种局面，没洗衣服被骂，要学费被骂，她心情不好我还被骂，我在默默承受一切被漠视，被指责，内心里狠狠发誓有朝一日我一定要远远离开这里，活的风生水起，这种压迫导致我过分重视自尊，极端且叛逆！！！18岁离家出走，历尽磨难，终于苦尽甘来，嫁给各方面都优于自己很多很多的老公，只因我憋了一口恶气………………………………………………………………姐妹中老二，性格懦弱，上有老大懂事，下有老三撒娇，是最没存在感的一个，长相最好但自卑软弱，嫁到各方面条件都差自己甚至不只甩一条街的现老公，我家在城市，她嫁到了农村，靠这种下嫁方式寻找着自欺欺人的优越感！…………………………………,……………………………,…姐妹中老三，性格阴晴不定，不高兴一言不发，跟男朋友有半分争执就怕结婚步父母婚姻的后尘，精神洁癖，轻言放弃，快熬成老姑娘了，只为了怕结婚，怕离婚！…………………………………………………………老大自负，老二自卑，老三自闭！！！唯一相同的是，我们都敏感，悲观没有安全感，且不同程度自卑，因为我们从没有被深爱被肯定，这种在特定环境下塑造的性格和心理阴影无疑要如影随形一辈子，影响我们的社交，工作，婚姻等等一切。好在我深知自己的问题所在，将一生都踽踽前行在自我康复的路上，但就是以我这种自控力极强，客观理性的性格举例来讲，都太难太难，这是自我的重建，认知的重建，三观的重建，任重道远！！！……………………………………………………………长久以来形成的思维习惯，行为惯性不是一朝一夕能改的，你明知道这样想是错的，发动100个天使去打败那个恶魔，可是那个恶魔又时不时冒出来时，会对自己愈发绝望，甚至连这种以看似完善提升似的征服自我，都怀疑起是不是强迫症的一种，哪怕一点小事，都会思想大爆发，陷在在这种拧巴和自我折磨里不能自拔，终点不是精分就是抑郁！………………………………………………其实我过的不错，但我不快乐！我端正的三观因为重建所以脆弱。我经常是错的，但我知道怎样是对的，并逼迫着用错的我去做对的事，即将为人父母或终将为人父母的你们，童年是我们的性格生成期，形成创伤真的难修复！处女答，不匿\|…………………………………………,Ps：今天看过往知乎，大意是“被妈妈担心嫁不出去是怎样的体验”，各种奇葩老妈，逼婚老妈，逗逼老妈，本来是喜剧，我却内牛满面……

8330.38622137
4500.51656542
3460.36514622
3003.09210051
2695.78897957
当前第211段,一共1471段
发布于 2015-08-22

当前第212段,一共1471段
1

当前第213段,一共1471段
​添加评论

当前第214段,一共1471段
​分享

当前第215段,一共1471段
​收藏​感谢

当前第216段,一共1471段


当前第217段,一共1471段
匿名用户

当前第218段,一共1471段
1 人赞同了该回答

当前第219段,一共1471段
除了死亡，一切都可以修复。

当前第220段,一共1471段
发布于 2015-05-18

当前第221段,一共1471段
1

当前第222段,一共1471段
​1 条评论

当前第223段,一共1471段
​分享

当前第224段,一共1471段
​收藏​感谢

当前第225段,一共1471段


当前第226段,一共1471段
匿名用户

当前第227段,一共1471段
1 人赞同了该回答

当前第228段,一共1471段
让我看见这个话题了.....

当前第229段,一共1471段


当前第230段,一共1471段
我的故事跟你很像，只不过我就是这个故事里的姐姐。我想给你们一个新视角，看似姐姐蛮横独权，但是其实也是有很多心酸在里面，她不知道用什么方式去解决问题。她其实也是受害者。

549.287385675
329.914612868
226.424851373
176.041740773
159.187404955
当前第231段,一共1471段


当前第232段,一共1471段
我妈和我爸结婚之前两家人拎着刀见的面，说些让对方去死之类的话不同意婚事，女方嫌弃男方穷，男方嫌弃女方家里不尊重人。这样还能结婚我也是挺陶醉的，至今不知道原因。我爸家里独子6个姐姐到我妈他们结婚家里还有2个姐姐在家没有嫁人，60平方米的房子住着我奶，我爸妈，我2个姑姑，还有我。生活水平很差，经常没有电，偶尔没有水，我又是身体不好一弄就是半夜去医院去了就是严重到住院，因为在我奶的心里首先非常嫌弃我是女孩（听我妈说她生我的时候我爸和我奶就在家等着是男孩再去医院，所以在医院那段日子就是我妈娘家在照顾，爱屋及乌，恨屋也及乌，姥姥他们恨我爸，连着我也烦，从小就被双方家里嫌弃），再者就是觉得发烧不是大病不用去医院，我也觉得我没烧傻也是福气。中间有段时间我妈受不了了就回了娘家，但是没有带着我，等她一个星期回来以后我身上有被掐的痕迹，我2个姑姑还有我奶说因为我哭哄不好，但是一个1岁的小孩要妈妈不正常吗？一路磕磕绊绊到2岁，我妈又回娘家了还是不带我，我奶奶说我应该去幼儿园，但是正规的不要我，就去了私立的，而且还是周托，我爸下班去打台球也不会来看我一眼。等到我妈不知道从哪里得到的消息来救我的时候，我用板凳把自己围住在里面喝胡辣汤身上脏的要死，我妈问老师为啥给一个2岁的小孩喝这个，老师说我交的钱跟其他人一样早上就是吃这个。我到3岁的时候我爸让我节食（我真的很不理解孩子要是节食啥的家长应该想办法阻止才是，我爸是个另类）原因是我太胖了。我上小学的时候家里终于能出来住了，但是家里还是很穷连个像样的床都没有，我也很开心因为感觉摆脱过去了，但是我错了，这只是新的开始。我上小学不敢说话，同学们欺负我嘲笑我，我还要装的不在乎，我觉得当着大家面哭很丢人，老师对我还行因为我从小察言观色知道怎么做不让老师生气。3年纪的时候学校就不强制家长来接孩子，我就开始坐公交车，将近20站我也觉得挺好，总比在自行车后面听他们讲为了我怎么怎么牺牲了家里这样都是因为我啥的。在我11岁的时候厄运再次扑向我，我妈妈生了一个儿子。她生儿子前3个礼拜就去了医院燕窝乌鸡汤就没断过，我就被寄宿到亲戚家受尽了白眼，他们还问我觉不觉得我爸是个混蛋，我不敢吭，他们告诉我今后更是没人疼你了。我真的表面镇定回屋就是哭到睡着。我开始撒泼打架，逃课，干坏事，想引起他们的主意换来一顿打也在所不惜。但是不管用的他们说让那个小孩陪我玩，事实上是我给他换尿布冲奶粉哄他，我觉得这样我爱你也爱的人，你们总要喜欢我吧？但是我又是天真了，有次我抱他的时候他拉了我一身，我就生气的喊了一句你真不是个东西，结果被打了一顿。我真的疯狂了，我拿被子捂他，把铅笔芯磨成沫沫放到奶粉里，我想杀了他。我爸妈只要不在家我就狠狠的打他，就是不打死，但是一直打掐他，冲他尖叫，就是楼主说的各种威胁恐吓啥的，但是真的我的内心很痛苦很痛苦我知道我做的不对，我就是嫉妒转化成暴力，我也自残扇自己耳光，掐自己，拿头撞墙。亲戚们更是看笑话每次聚会都问我喜不喜欢弟弟啊，让我把他没吃完的饭吃完，各种侮辱我，但是我的父母一声不吭，我的表兄弟姐妹都看不下去都说别吃了，被同龄人同情我更是难受。回家我就更加还给那个男孩。一路坎坷我今年20了，9年了对我的影响根深蒂固，我不是同性恋，但是我不喜欢男生，我有轻微被迫害狂想症我在此真心真心劝告各位想当爸妈的人，不爱她真的不要生她，端不平一碗水就不要生两个孩子。这件事从来都是我的禁忌，但是看到这篇还是忍不住写了，自己内心是痛苦万分，泪流不止，现在我爸妈还在说从小就宠我，最爱的就是我，对我百依百顺我还不满意，对于他们我已经无奈了。

10815.3842699
6861.66249499
5417.52605588
4783.6617736
4565.94397001
当前第233段,一共1471段
编辑于 2015-05-17

当前第234段,一共1471段
1

当前第235段,一共1471段
​添加评论

当前第236段,一共1471段
​分享

当前第237段,一共1471段
​收藏​感谢收起

当前第238段,一共1471段


当前第239段,一共1471段
彳亍杨

当前第240段,一共1471段
威震天的女朋友

当前第241段,一共1471段
1 人赞同了该回答

当前第242段,一共1471段
我爸妈在我小时候总是吵架，我现在听到别人讲话声音稍微大一点，我心底都有些害怕。

286.531448346
172.278043027
111.14793092
91.2185992968
79.9524239955
当前第243段,一共1471段
我堂妹她小时候妈妈扔下她走了，我们所有的亲戚都很宝贝她。但是你在她面前提到关于母爱之类的，她就会转身走掉，然后好几个小时不讲话。变化非常突然，前一秒还在塞糖给我吃，下一秒就自己躲起来了。

738.807726071
432.364546067
324.187527545
254.946256314
209.247421385
当前第244段,一共1471段
发布于 2015-05-11

当前第245段,一共1471段
1

当前第246段,一共1471段
​添加评论

当前第247段,一共1471段
​分享

当前第248段,一共1471段
​收藏​感谢

当前第249段,一共1471段


当前第250段,一共1471段
匿名用户

当前第251段,一共1471段
1 人赞同了该回答

当前第252段,一共1471段
很小的时候，大概七八个月吧，姥姥脑溢血瘫了，爸妈没工夫管我，把我扔给我爷爷奶奶让他们带我回老家。

318.152368714
175.118060584
141.901512251
91.5033611249
64.8473384847
当前第253段,一共1471段
我就和爷爷奶奶在老家待了五六年。期间也只是过年才能看到爸爸妈妈或者回姥姥家。所以我很小的时候，只认识我爷爷奶奶，三四岁的时候才知道爸爸妈妈是存在的。但我一直到小学毕业都没有体会到爸爸妈妈存在的真正意义。

659.08224759
410.434436654
244.250504065
208.673857737
166.205920019
当前第254段,一共1471段
爸爸对我很苛刻，动辄打骂。他骂人很难听，喋喋不休。最极端的一个例子是小学五年级，数学考了90多，那个时候满分大概120，回去开始骂我，后来一巴掌扇到脸上出了血。罚过跪。平时也不允许我发表什么看法。所有以讨论为名义的交流，最后都以我闭嘴告终。

1024.0813039
584.990243244
382.698609572
295.806932228
269.767686502
当前第255段,一共1471段
从小到大最深刻的感觉就是我哪里都比不上别人，连长相都被说丑。直到现在，上了一个所谓的国家重点大学211，专业全国排名第一，依然怀有深切的自卑。

519.237638479
287.772273705
207.536264097
161.477103877
136.810747632
当前第256段,一共1471段
我是看着父母吵架打架过来的，被我扫过的碎片太多。有一次劝架无果只能叫来姥姥，可是我们两个最后只能坐着一起哭着看他们厮打。

467.368000765
284.761204912
213.832407986
132.925377524
150.74956511
当前第257段,一共1471段
我有时候觉得深深的无力。我爱我爸爸妈妈，我知道他们爱我。可是二十年了，我不知道家庭的温暖是什么。因为小的时候老家的水含氟超标长了一口氟斑牙，很丑，很自卑。曾经问过他们为什么要把我丢回去，他们说那个时候家里那么困难谁还管你。既然困难，何必生我呢。

787.049601233
500.976257169
317.425084128
280.84916641
228.056894216
当前第258段,一共1471段
最恐怖的事情是我发现我慢慢成了我最讨厌的样子，我讨厌爸爸的暴戾，而我有时也很暴戾。我讨厌妈妈的怯懦小家子气，而我也一样怯懦小家子气。也因为性格的原因，我和初恋分道扬镳，再次被感情伤害。

611.779630096
326.416006851
238.711927893
184.251028293
143.257933171
当前第259段,一共1471段
所以我也很想知道，到底要怎样做才能成为一个全新的自己。

165.479442253
103.452971235
81.238702942
58.7770155146
45.7638197235
当前第260段,一共1471段
很多人都说没用的，你现在已经这个样子了。

112.142405639
71.5680024766
63.7976073897
40.2469862701
38.0015282489
当前第261段,一共1471段
可我还是想改变，克服自卑，克服懦弱，克服暴戾，克服消极，克服老气横秋，做一个真正二十岁阳光美好的女孩。

280.901908414
163.66676636
104.082919874
74.9975778475
80.5239371839
当前第262段,一共1471段
我想，如果世界上真的没有那么一个好方法切实有效，至少自己要坚强地坚持下去，坚持美好，坚持温柔。过去无论错在不在自己已经付出了巨大的代价，不要再沉浸在痛苦里了，能改变多少就改变多少吧。

679.345866559
384.932303487
251.642183802
212.066743046
191.048735294
当前第263段,一共1471段
发布于 2015-05-11

当前第264段,一共1471段
1

当前第265段,一共1471段
​添加评论

当前第266段,一共1471段
​分享

当前第267段,一共1471段
​收藏​感谢

当前第268段,一共1471段


当前第269段,一共1471段
作者深蓝

当前第270段,一共1471段
溪流松岭星辰夜，人间何处似君前。

当前第271段,一共1471段
1 人赞同了该回答

当前第272段,一共1471段
可以修复，至少于我而言。修复了。

当前第273段,一共1471段
发布于 2015-05-11

当前第274段,一共1471段
1

当前第275段,一共1471段
​1 条评论

当前第276段,一共1471段
​分享

当前第277段,一共1471段
​收藏​感谢

当前第278段,一共1471段


当前第279段,一共1471段
匿名用户

当前第280段,一共1471段
1 人赞同了该回答

当前第281段,一共1471段
我也有个哥哥，但个题主不同，我感觉在童年里我欺负过我的哥哥。我的结论是可以修复

280.974734512
172.199619514
118.766611855
81.5189364076
85.8364061099
当前第282段,一共1471段
（注：我们现在关系很好，计划生育的打压下能有幸做成兄弟，成为一家人，来之不易，且活且珍惜）。

319.108801673
190.904164401
139.206943123
112.672520298
82.7579405642
当前第283段,一共1471段


当前第284段,一共1471段
各位看官，故事就要开始了

当前第285段,一共1471段


当前第286段,一共1471段
背景资料：我认为我和我哥的童年留下来的阴影，父母也是有若干责任的。我的故事会结合父母一起来谈，涉及到兄弟，父子，母子之间的感情如何修补。我的父亲，和他两个兄弟关系及其不好，路上碰到也是视而不见的。他看不起他的庸俗无能的哥哥（我也觉得大伯好可怜），也厌恶他的嚣张野蛮的弟弟（我也恨不得抽他巴掌）。不得不说，我很佩服我的父亲，他隐忍谦逊，人缘好，缺点是不善表达，和家人缺乏沟通（据我和他聊天，得出他的想法大概是，懂的人自然会悟到，不需多言）。我的母亲高中毕业，这在一个99.9%妇女基本是文盲或者没上过学的农村简直是不可想象（所以能追到她说明我父亲智商确实很高，情商也很厉害，对有什么人际关系的也很敏锐，就是对家人......唉，他应该知道我母亲以及那时我们兄弟俩的智力有限，不是很能理解你的想法啊，不然那么多误会冲突完全是可以避免的）。我的母亲下嫁到农村，性子烈，有脾气，不懂得如何在勾心斗角的宗族里周旋（谁说农家淳朴善良的，我抽你），招惹了不少人（那些人也确实不咋的，爱吹牛爱占便宜，擅长背后阴人，死不认错，反倒会继续编谎言来圆面子。这是我对他们的印象），现在在我和父亲的’教导‘下，她可机智了。

3598.94981133
2091.45938055
1601.47141606
1240.97347391
1094.41295083
当前第287段,一共1471段


当前第288段,一共1471段
人物入场：我的父亲比较偏袒我（很大原因是他小时候受到他哥哥的欺负，因为爷爷当时是村长，大伯读高中是全村的希望，但是补了十年还是没考到，好奇葩。父亲人很聪明，但一直被大伯打压，而大伯却是一事无成，沦为笑话。）父亲一直对我循循善诱，鼓励我去尝试新的事物，追求想要的东西。在他的影响下，我比较外向也比较好胜（今天我考到国内最顶尖的大学，很大程度都是靠他的引导）。

1256.11887258
738.028610214
487.456281091
408.424452516
313.905076264
当前第289段,一共1471段
                我的母亲比较偏坦我哥，小时候哥哥常常不听爸爸的话（可能由于畏惧）经常跑到妈妈那里，爸爸拿他没法也不怎么管他，（我妈那时候很凶的，谁敢惹她，基本会被口水淹死）久而久之，我哥就比较内向了，喜欢呆在房间摆弄自己的小玩具小书本（而我却是一个活跃在田野丛林山间河边的任性少年）。

1093.93558787
686.646904497
474.980980769
370.956947405
302.635721745
当前第290段,一共1471段


当前第291段,一共1471段
......好像不用介绍我和我哥了（哦，我哥比我大两岁）

162.264202334
110.516683254
77.3079559702
53.5672684623
44.1620898698
当前第292段,一共1471段


当前第293段,一共1471段
接下来就是写回忆了，所能想起的一件一件来写：（犯过的错一件一件来忏悔，得到的爱一份一份来感激）

367.440729084
188.489867818
135.796791555
109.643853331
98.2461499071
当前第294段,一共1471段


当前第295段,一共1471段
在记忆非常稀薄的幼稚年代（大概4-7岁，前面的记不起来了），哥哥一直是我的依赖，父母不在的情况下本能的会四处看看找到哥哥。那时候和同龄人玩耍，都是跟在哥哥的背后的。小时候父母常年在外，我们被寄居在他人家里。

659.540566343
444.211882169
309.659553275
222.196833327
203.034615703
当前第296段,一共1471段


当前第297段,一共1471段
以后来写，做作业去了

当前第298段,一共1471段
编辑于 2014-05-20

当前第299段,一共1471段
1

当前第300段,一共1471段
​添加评论

当前第301段,一共1471段
​分享

当前第302段,一共1471段
​收藏​感谢收起

当前第303段,一共1471段


当前第304段,一共1471段
匿名用户

当前第305段,一共1471段
1 人赞同了该回答

当前第306段,一共1471段
今年二十岁，没去看过医生什么的，不好意思……

143.907686128
64.6768379387
41.3576776027
26.1796649793
25.8657533116
当前第307段,一共1471段
父母也没多过分，十一岁之前都在外婆家，性格极度争强好胜，没有一点主见，非常害怕麻烦别人，特别在意别人的看法，遇到点小事就开始反省自己，然后自责会让自己一整天包括连续几天的心情都很不好。觉得自己有时候真的很糟糕，不配得到任何人的垂怜和爱惜。

800.565269133
440.457504104
302.163063872
241.748371724
224.227165138
当前第308段,一共1471段
但我知道这是阴影，也没怪我的成长环境，父母家人也是我心中最重要的人，最最重要和依赖的人。

243.154523701
105.127581642
85.2116241834
72.9818592396
71.0303467876
当前第309段,一共1471段
发布于 2014-05-20

当前第310段,一共1471段
1

当前第311段,一共1471段
​3 条评论

当前第312段,一共1471段
​分享

当前第313段,一共1471段
​收藏​感谢

当前第314段,一共1471段


当前第315段,一共1471段
知乎用户

当前第316段,一共1471段
素练的苦味。

当前第317段,一共1471段
1 人赞同了该回答

当前第318段,一共1471段
除非一辈子都在努力的做着自我修复

当前第319段,一共1471段
或者，通过爱情 

当前第320段,一共1471段
一段好爱情

当前第321段,一共1471段
发布于 2014-05-19

当前第322段,一共1471段
1

当前第323段,一共1471段
​2 条评论

当前第324段,一共1471段
​分享

当前第325段,一共1471段
​收藏​感谢

当前第326段,一共1471段


当前第327段,一共1471段
痛苦小孩

当前第328段,一共1471段
修复自已

当前第329段,一共1471段
都是可怜的孩子，一身的伤痛，半生的心冷。可恨的后妈，无能的爸。

163.230870143
79.8777128238
52.0281228629
51.9352422741
38.9380789343
当前第330段,一共1471段
发布于 2014-11-30

当前第331段,一共1471段
0

当前第332段,一共1471段
​添加评论

当前第333段,一共1471段
​分享

当前第334段,一共1471段
​收藏​感谢

当前第335段,一共1471段


当前第336段,一共1471段
紫嫣

当前第337段,一共1471段
很少，那些创伤都是历历在目的。

当前第338段,一共1471段
编辑于 2017-12-06

当前第339段,一共1471段
0

当前第340段,一共1471段
​添加评论

当前第341段,一共1471段
​分享

当前第342段,一共1471段
​收藏​感谢

当前第343段,一共1471段


当前第344段,一共1471段
刘成冬

当前第345段,一共1471段
有一个美好的爱情能解决百分之九十五

当前第346段,一共1471段
编辑于 2017-07-31

当前第347段,一共1471段
0

当前第348段,一共1471段
​添加评论

当前第349段,一共1471段
​分享

当前第350段,一共1471段
​收藏​感谢

当前第351段,一共1471段


当前第352段,一共1471段
匿名用户

当前第353段,一共1471段
今天早上起来，室友们都去实习了，空调开着，再一看遥控板在我桌上。我当时愣了好久，特别……感动……

379.8446156
211.462001765
158.924691401
100.774108763
94.8288146283
当前第354段,一共1471段


当前第355段,一共1471段
我对空调有一种执念。

当前第356段,一共1471段


当前第357段,一共1471段
小时候只有奶奶和爸妈房间有空调，妹妹平时有时候跟奶奶睡，有时候跟爸妈睡，而我自己有一个房间，只有夏天热得不行，会去爸妈房间睡。

366.575227701
172.127193671
126.517680845
92.6346321339
85.7765864552
当前第358段,一共1471段


当前第359段,一共1471段
爸爸妈妈早上总是很早走。如果妹妹也在，空调就是开着的；如果只有我，就会是，我醒来，头昏沉沉的，身上汗津津的，说不出的燥热。再看空调，已经被关了。

389.204329804
230.828031811
154.552164581
134.266970751
99.4014450642
当前第360段,一共1471段


当前第361段,一共1471段
我妹妹是不喜欢我跟她们挤一张床的，有时候发起脾气来就让我出去，爸爸妈妈经不住就跟我商量让我回去开着电扇睡。我很乖的，当然只能说好。

436.248957263
239.457524441
160.759827169
153.651134597
108.362065065
当前第362段,一共1471段


当前第363段,一共1471段
后来我长大了，我终于有了“自己”的空调。可是我心疼电费，只把房间打凉就忍不住把空调关了。有时候一天里自己房间的空调要开开关关好几次，我也知道这样对空调损害大，可是我忍不住。

548.825287833
315.893729748
208.601998062
171.644592666
157.530119926
当前第364段,一共1471段


当前第365段,一共1471段
等我真的长大了，自己赚钱了，有了自己的家，我就想开空调就开空调，要是好热好热就一直开着。

260.74298849
145.863261748
100.15365783
67.8004373937
75.4103803998
当前第366段,一共1471段
发布于 2017-07-14

当前第367段,一共1471段
0

当前第368段,一共1471段
​添加评论

当前第369段,一共1471段
​分享

当前第370段,一共1471段
​收藏​感谢

当前第371段,一共1471段


当前第372段,一共1471段
阮明城

当前第373段,一共1471段
父母文化水平不高，

当前第374段,一共1471段
小时候经常在外面经商，

当前第375段,一共1471段
我一年能见他们两个月，

当前第376段,一共1471段
家庭关系非常紧张，

当前第377段,一共1471段
我爸是一个非常暴躁但又很喜欢孩子的人，和我爸悲惨的童年经历有关

192.999697545
124.424725812
88.4684652206
66.2339879127
52.1497156741
当前第378段,一共1471段
我妈是一个倔强，但是在家里面没有地位的人，

87.3428396533
48.624334066
40.9902046332
40.4504483221
24.8996279282
当前第379段,一共1471段
并且常常表现的非常绝望。

当前第380段,一共1471段
我经常是被保姆或者亲戚照顾。

当前第381段,一共1471段
并且我和父母之间没有任何沟通和交流。

当前第382段,一共1471段
从小的我性格就特别闷，并且常常流露出绝望，放弃的情绪，这一点一直伴随着我的人生。

240.740953693
138.34080579
93.7924018219
75.4840583878
60.8166245588
当前第383段,一共1471段
我记得我有一次初中喜欢上一个女生，

当前第384段,一共1471段
我父母发现了，就觉得我早恋了，很生气，

当前第385段,一共1471段
各种打击我，辱骂我，

当前第386段,一共1471段
但其实我当时是一个非常自卑且有些绝望的男生，

86.3841057538
50.2598561809
28.2654857432
34.9462307206
19.9697711945
当前第387段,一共1471段
并不像他们想的那样，他们做的我认为有些过了

150.946009251
91.2516642431
62.0716876246
37.0486266739
32.3545306756
当前第388段,一共1471段
最终在这样的情况下，我的心里也许从那时买下了阴影的种子？

206.397641743
135.453055208
87.6274045406
66.1913010084
43.5953760524
当前第389段,一共1471段
我的成绩开始下滑，觉得人生没有意义，

当前第390段,一共1471段
那个时候我第一次产生了自杀的念头，

当前第391段,一共1471段
但那个时候他们不理解，

当前第392段,一共1471段
我觉得他们一直都不会理解

当前第393段,一共1471段
继续经过了初中，高中几年的发酵和生长。

当前第394段,一共1471段
它终于爆发，并且开始摧毁了我，

当前第395段,一共1471段
我开始变的自暴自弃，终日哭泣，不得阳光

当前第396段,一共1471段
每日以药维持生命。

当前第397段,一共1471段
尝试自杀和自残。

当前第398段,一共1471段
但是最终我挺过来了，在这里我要特别感谢我的心理医生兼咨询师。

195.967576591
97.971731747
84.9885068972
57.77974858
53.5775315808
当前第399段,一共1471段
现在的我会健身，我还要去德国念书，

当前第400段,一共1471段


当前第401段,一共1471段
一切都感觉很健康，

当前第402段,一共1471段
但是有些很根本的问题还是没有解决，

当前第403段,一共1471段
比如和父母的关系永远不会进步，

当前第404段,一共1471段
以前形成性格中的偏向暴力，残忍的一面不会消失

150.1512393
80.9150103928
55.5695458195
40.5770270019
26.4794372243
当前第405段,一共1471段
心中的遗憾和不安全感不会消失，

当前第406段,一共1471段
怎么说呢，可以像一个正常人生活下去，

当前第407段,一共1471段
但却永远成为不了一个正常人的感觉，

当前第408段,一共1471段
永远都在担心，害怕，，想要结束的念头也是一直存在的，只是不会做而已，

186.206129753
125.342512467
80.9657543484
62.8843939876
52.4830558419
当前第409段,一共1471段
不想要孩子，因为觉得不会教育，也学不会如何去培养他。

147.971369411
90.9110100426
56.9295214237
52.2752217256
46.401419381
当前第410段,一共1471段
编辑于 2017-07-10

当前第411段,一共1471段
0

当前第412段,一共1471段
​添加评论

当前第413段,一共1471段
​分享

当前第414段,一共1471段
​收藏​感谢收起

当前第415段,一共1471段


当前第416段,一共1471段
匿名用户

当前第417段,一共1471段
以前会选择用同样的方式虐待 但是现在不会了 不会虐待但是依然有深深的恐惧 就是怕在亲密关系中被利用和抛弃 

356.94515806
198.532693173
141.467017095
116.274750789
108.445250934
当前第418段,一共1471段
编辑于 2017-06-06

当前第419段,一共1471段
0

当前第420段,一共1471段
​添加评论

当前第421段,一共1471段
​分享

当前第422段,一共1471段
​收藏​感谢

当前第423段,一共1471段


当前第424段,一共1471段
泡泡

当前第425段,一共1471段
90后，未婚。觉得找对象不是件容易的事。

162.95906427
93.1528353835
63.403854809
45.0036162642
49.1570779532
当前第426段,一共1471段
只能说阴影会变得越来越小，你可以选择淡忘他。但是修复真的很难。有些东西是覆水难收的。

259.157156697
159.839285784
115.768833833
97.861571546
67.3509212664
当前第427段,一共1471段
发布于 2014-06-22

当前第428段,一共1471段
0

当前第429段,一共1471段
​添加评论

当前第430段,一共1471段
​分享

当前第431段,一共1471段
​收藏​感谢

当前第432段,一共1471段


当前第433段,一共1471段
凉生

当前第434段,一共1471段
突然就恨了！

当前第435段,一共1471段
觉得不会被修复，这种伤害就像是风湿，总是在阴雨日子里疼痛，疼痛提醒你有病，病让你回忆经历，经历让你往复循环在这个自我虐待的怪圈，应该会影响一辈子，可能只会慢慢的去淡化伤痛。但阴影不会消失。

660.773538652
388.970877647
249.561520694
227.440048375
177.320605191
当前第436段,一共1471段
发布于 2017-05-10

当前第437段,一共1471段
0

当前第438段,一共1471段
​添加评论

当前第439段,一共1471段
​分享

当前第440段,一共1471段
​收藏​感谢

当前第441段,一共1471段


当前第442段,一共1471段
Bella zhu

当前第443段,一共1471段
In me the tiger sniffs the rose.

36.2129465609
32.6124412187
22.4638346579
26.8255474416
10.8872484358
当前第444段,一共1471段
可以读一下追风筝的人，希望可以帮助你

当前第445段,一共1471段
发布于 2014-05-27

当前第446段,一共1471段
0

当前第447段,一共1471段
​添加评论

当前第448段,一共1471段
​分享

当前第449段,一共1471段
​收藏​感谢

当前第450段,一共1471段


当前第451段,一共1471段
丁大师

当前第452段,一共1471段
吃货/忙着做采购/其实还是在吃。。。

当前第453段,一共1471段
不能。

当前第454段,一共1471段
这些记忆伴随终生。

当前第455段,一共1471段
发布于 2014-05-19

当前第456段,一共1471段
0

当前第457段,一共1471段
​添加评论

当前第458段,一共1471段
​分享

当前第459段,一共1471段
​收藏​感谢

当前第460段,一共1471段


当前第461段,一共1471段
匿名用户

当前第462段,一共1471段
我觉得不可能。

当前第463段,一共1471段
小学的时候被堂哥性骚扰，当时有向大人寻求帮助，说“哥哥摸我屁股”之类的，父母可能是在众人都在的场合不好意思再问吧（堂哥的父母也在） 之后也没有再关心过我这件事情。直到今天还是和堂哥非常疏远（幼年时期可是整天在一起玩的啊！）对他有一种“变态”的印象。当时受到侵犯却得不到保护的感觉依然清晰。觉得对现在的性格有影响，很缺安全感。

1282.53263547
732.196781061
496.897286916
393.739473505
354.957685455
当前第464段,一共1471段
总之我认为，童年的创伤可能会暂时被忘却，但不可能彻底修复。

182.577605302
109.918656912
71.3599985768
63.1894737596
49.6113198877
当前第465段,一共1471段
发布于 2014-05-19

当前第466段,一共1471段
0

当前第467段,一共1471段
​添加评论

当前第468段,一共1471段
​分享

当前第469段,一共1471段
​收藏​感谢

当前第470段,一共1471段


当前第471段,一共1471段
匿名用户

当前第472段,一共1471段
不能。

当前第473段,一共1471段
有些伤害会伴随一生 

当前第474段,一共1471段
成长注定是带着痛的前行

当前第475段,一共1471段
可能自己都注意不到，有些伤害就是如同根一样长在心里

169.275540074
90.3828276141
71.2956191336
45.9961223183
37.4316772315
当前第476段,一共1471段


当前第477段,一共1471段
不让伤害传播下去

当前第478段,一共1471段
努力让下一代幸福 才是应当做的

当前第479段,一共1471段
发布于 2014-05-19

当前第480段,一共1471段
0

当前第481段,一共1471段
​添加评论

当前第482段,一共1471段
​分享

当前第483段,一共1471段
​收藏​感谢

当前第484段,一共1471段


当前第485段,一共1471段
匿名用户

当前第486段,一共1471段
完全修复不太可能，但可以慢慢走出原生家庭带来的痛苦，不然社会该怎么进步？

261.10797563
164.800458125
97.4292254556
74.9644263912
61.0111364988
当前第487段,一共1471段


当前第488段,一共1471段
发布于 2014-05-19

当前第489段,一共1471段
0

当前第490段,一共1471段
​添加评论

当前第491段,一共1471段
​分享

当前第492段,一共1471段
​收藏​感谢

当前第493段,一共1471段


当前第494段,一共1471段
心儿

当前第495段,一共1471段
一颗小小人

当前第496段,一共1471段
感觉，题主应该是事件当中的“女儿”。

当前第497段,一共1471段
首先，申明一下观点：关于如何去弥补，可参考下面分析；关于能否被修复，个人认为主要是事件中的“儿子”内心是否有强烈的愿望想结束过去，这样，才有极大可能得到良好修复。

587.462654811
316.382711722
231.876523742
189.639212575
158.0190624
当前第498段,一共1471段
先来分析下，“爸爸”属于“粗暴型”，但，对“女

150.369002443
94.3497185851
80.2557200626
65.7350174665
57.2568376516
当前第499段,一共1471段
儿”很宠溺，我猜，他的观念是更认为男孩子要“穷养”才能成材，女孩子要“富养”未来生活才会过得好。

421.886868721
235.809394029
161.687829854
135.646127959
117.017446642
当前第500段,一共1471段
其次，“妈妈”属于“宠溺型”，对待“女儿儿子”一视同仁，这，更多出于母性。

196.028624662
130.36667025
103.84091169
91.4997750494
70.9246480589
当前第501段,一共1471段
再次，“女儿”属于“喜怒无常型”，我猜，和“女儿”自身性格辅助父母的宠溺而加倍情绪化。

212.424332007
125.24725441
97.137823836
86.2648373085
64.2462701441
当前第502段,一共1471段
最后，“儿子”属于“外强中干性”，感觉，他应该有内心敏感、心思细腻、细心、用心但内心脆弱害怕受伤的性格，朋友应该不多。

361.217203569
182.664429084
139.105709366
128.687606968
104.872467084
当前第503段,一共1471段


当前第504段,一共1471段
分析这些，更想说的是：这就是摆在眼前的事实，还是要学会勇敢面对先（让事件中的“四位”都要了解这些，自己主动分析自己存在的问题，然后告诉“儿子”），然后，多给些用心的关爱和耐心的理解并支持他走下去。

794.800527788
447.258981682
293.574924671
241.759650702
172.719898074
当前第505段,一共1471段
其次，主体还是“儿子”本人，得告诉他身上的一些优点，比如心思细腻等，然后过去的已经过去，让他学着坚强一些，勇敢接受自己和自己的过去以及身边的人，融入到人群当中不断磨合生活方式从而找到最适合自己的生活方式，在这寻找的路上，肯定是痛苦挣扎纠结总在纠缠不清的，特别是刚开始，这时，建议你告诉他，其实每个人活在世界上都不容易，而且到了四五十岁也活得不怎么样的大有人在，你去寻找适合自己的路现在就是最早的时候，让他多和其他没有深入接触的朋友多多接触，多些经历，同时提醒他，上帝给了他一份心思细腻的礼物，这是一个寻找自己非常好的工具，是很多人甚至是大部分人都没有的东西，现在更需要让自己的内心面对现实时变得更强大一下而已。

2071.21836178
1192.31201758
844.734163061
675.168293932
588.820940757
当前第506段,一共1471段


当前第507段,一共1471段
重要的是“儿子”要打开内心，多接触，多经历啊

65.7636322841
39.8295224663
32.8465984944
27.020242818
27.1760322684
当前第508段,一共1471段


当前第509段,一共1471段


当前第510段,一共1471段
（很抱歉，以上都是我自己依你所说而感觉并初步猜想的，如果并不太符合事实，还请谅解，我也是因为自己有部分类似的性格才如此妄加猜想事件中的“儿子”，只是希望能帮到你们。

624.396006083
372.83950369
251.264101731
212.596116116
182.568817448
当前第511段,一共1471段
感恩 ）

当前第512段,一共1471段
编辑于 2017-01-25

当前第513段,一共1471段
0

当前第514段,一共1471段
​添加评论

当前第515段,一共1471段
​分享

当前第516段,一共1471段
​收藏​感谢

当前第517段,一共1471段


当前第518段,一共1471段
楚毅

当前第519段,一共1471段
个人认为凡是童年有阴影的人，大部分是气郁体质，不懂可以查百度（中医黑可以忽略）

230.022945889
120.212879166
110.970628195
77.4677534284
78.5079647018
当前第520段,一共1471段
可以找心理医生，顺便调理身体

当前第521段,一共1471段
发布于 2016-12-06

当前第522段,一共1471段
0

当前第523段,一共1471段
​添加评论

当前第524段,一共1471段
​分享

当前第525段,一共1471段
​收藏​感谢

当前第526段,一共1471段


当前第527段,一共1471段
匿名用户

当前第528段,一共1471段
     先说说背景吧，我小时候的家庭教育方式比较奇特，父亲永远冷着张脸，对我的行为也大多是讽刺和挖苦，不论对错。很多次很多次，很小的事情都会莫名的被挖苦或者揍一顿。比如有一次初中暑假里看电视，父亲回来就瞪了我一眼，小时候也没想那么多，也就继续看。但是父亲走了一圈回来后就冷着张脸对我说：“关了。”我也就关了电视看点课外书，还记得是很久之前已经看过的一本冒险小虎队，只是闲的无聊又重新翻出来看看，结果父亲又看见了，二话不说拿着书就对着我头一顿敲，“不学习专看闲书，考试成绩那么差还不自觉？”（上学期期末成绩不太好）我就哭着埋怨了几句，“也不就上学期的事情吗，下学期都要开始了，难道要我天天哭着才算反省吗？”（那是我头一次反驳他说话）结果不知道触碰到了他的逆鳞还是啥，那次我跪了1个小时，还被踹了好几脚，最后还要写一份检讨来反思自己的行为。自此之后我和父亲的关系就势同水火。

3210.55443103
1862.70437798
1369.81598662
1097.96030657
906.087079387
当前第529段,一共1471段
     母亲的话类似于一种和事佬的身份，每次父亲打骂过我后都会去和我说“你爸爸还是爱你的，你长大了就懂了。”希望来缓解我和父亲的矛盾，我只能说这只是杯水车薪，一直到现在我还是不认同父亲的行为。我并不太清楚母亲是否和父亲有探讨过我的教育问题，但是至少在父亲揍我的时候我母亲大部分都是旁观不阻止的态度。

895.611189036
589.633512391
400.077845393
330.25889078
274.231233307
当前第530段,一共1471段
      索性我也就不理睬父亲，一年说话的次数以个位数来记，在和他的为数不多的对抗中，我永远处于下风，他喜欢用人父这个身份来压制我，认为我就应该听他的，每一次对于他观点的反驳都以失败而告终，我的每一句话都会成为他的攻击点，我至今还记得他逼着我回答“你是不是不要脸？”这个问题，说“是”会被训，说“不是”也会被训。所以我也就闭嘴，以沉默来应对，这样训斥还会结束的快点。

1320.87324903
748.032030287
550.385405146
443.270413032
386.765943755
当前第531段,一共1471段
    初中的我也遇到了一个不太好的班主任，一个非常蛮横而又势力的班主任，也没有特别交心的朋友，在学校和家庭的双重压力下我学会了撒谎，学会了伪装，总习惯使用一种强势而又自信的姿态展现在别人面前，但是我知道，这只是给胆小而又自卑的我一种心理慰藉。

833.500775783
481.917362706
334.623680292
267.433882368
241.708518084
当前第532段,一共1471段
    不过这一切在高中有了改变，虽然高一成绩并不是特别好，但是结识了一帮子好友，他们都是心地善良的人，给了我生活一道阳光。高二高三的我知道了去努力学习来改变自己，希望能考一个好大学来远离这个家，因为我知道了自己还有活下去的意义，我想看到更多更好的风景。我选择了医药专业，希望能用自己的能力来缓解别人的痛苦，我想看见别人脸上的笑容，我也希望自己能有能力来保护自己爱的人。当明澈了自己的本心，知道自己想要什么的时候，那以前的伤痛就仿佛不会再想起来了。

1506.06798119
945.394114351
658.43159202
515.915509363
445.459805635
当前第533段,一共1471段
     但是，我只能说，这种创伤不会消失，只会深埋自己的心底，在某一个阳光明媚的午后突然想起，那种疼痛就把貌似愈合的伤口又再次撕扯开来，撕心裂肺，痛彻心扉。

518.534882412
284.085929048
218.839202461
144.608033
130.852406931
当前第534段,一共1471段
    那种伤痛已经成了我的一部分，永远的烙印在我的灵魂上。

146.275617329
90.6592666907
71.6078371349
49.2894085124
47.7932612885
当前第535段,一共1471段
编辑于 2016-08-18

当前第536段,一共1471段
0

当前第537段,一共1471段
​1 条评论

当前第538段,一共1471段
​分享

当前第539段,一共1471段
​收藏​感谢

当前第540段,一共1471段


当前第541段,一共1471段
匿名用户

当前第542段,一共1471段
估计很难

当前第543段,一共1471段


当前第544段,一共1471段
我小时候是离异家庭 常年跟爷爷奶奶生活 

87.8786136962
48.2440812378
41.7228923638
26.6596721481
20.6937774683
当前第545段,一共1471段
爸爸没什么能力也没什么钱 

当前第546段,一共1471段
这是前提

当前第547段,一共1471段


当前第548段,一共1471段
有次我爸要买小电驴 管我奶奶要钱

当前第549段,一共1471段
我奶奶舍不得 可是我爸非要 

当前第550段,一共1471段
她也没办法只能给 心中有火也没向我爸发

当前第551段,一共1471段
于是还在读小学的我就成了发泄点

当前第552段,一共1471段
一言不合就打我 是真的用力的打

当前第553段,一共1471段
扇巴掌 竹条抽 甚至被她用小凳子抡过背

当前第554段,一共1471段
我姨实在看不下去 跟我爸说了 要他别找奶奶要钱了 

186.986561865
133.412383855
86.5613797636
62.7231745025
50.0240418259
当前第555段,一共1471段


当前第556段,一共1471段
可是我爸

当前第557段,一共1471段
什么都没做

当前第558段,一共1471段
明明知道我因此被打骂

当前第559段,一共1471段
他仍然选择钱

当前第560段,一共1471段


当前第561段,一共1471段
这件事情记忆很深

当前第562段,一共1471段
我想对我现在易怒敏感而自卑的性格是有很大影响的

114.582608552
61.0313379488
53.6084460214
36.5030461763
34.2118397849
当前第563段,一共1471段
我到现在都不能接受我爸爸 

当前第564段,一共1471段
发布于 2016-07-31

当前第565段,一共1471段
0

当前第566段,一共1471段
​添加评论

当前第567段,一共1471段
​分享

当前第568段,一共1471段
​收藏​感谢

当前第569段,一共1471段


当前第570段,一共1471段
匿名用户

当前第571段,一共1471段
不能。在我们村我有一个很难听绰号，我很讨厌别人这样叫我。可是我的爸妈也这样叫我（呵呵）有时我弟弟和我吵架我弟弟就骂我死xxx（绰号）可是我多希望我爸爸妈妈替我骂我弟弟，但是没有。我妈妈还在一旁笑。每次我和我弟弟吵起来，每次都是他挑的事。我性格懦弱是不会主动挑事的。可是我弟弟油嘴滑舌的总是能颠倒是非，然后我爸妈就觉得我脾气太差（脾气是差了点，可我不会主动挑事）唔，眼泪鼻涕流出来了。我擦擦先。

1477.330839
901.307472964
639.881680468
493.727781131
417.799995369
当前第572段,一共1471段
我从小到大都自卑，大部分来自长相。我和村上的一个妹子称她为A好了。她是那种长得好看成绩又好的妹子。我妈妈总是拿我和她做对比，总说你看看人家A怎样怎样。小时候我脏我妈妈就说我你去给A舔屁股人家都不要。我和A有一个共同亲戚，每年的大年初一去亲戚家拜年，A穿得像一个公主招的大家喜爱，而我总是被说你看看A多活泼啊，你看看你。

1287.12471191
739.38224451
508.349467336
412.508736286
376.587914945
当前第573段,一共1471段
还有一个就是B，一个长得好看看起来很文静成绩又好简直找不出一个缺点来的妹子。五六年级和我一个班，初中和我一个学校。总是被大人拿来比较，在高中之前我成绩一直比她好。我爸特喜欢向村上的人炫耀我的成绩，学校发的贫困生助学金每次到我爸那就变成了奖学金。每次村上一个伯伯问我你又拿了多少奖学金，我都很羞愧。我和我爸说不要和别人说那是奖学金了，那明明是助学金。我爸立马就反驳不是奖学金是啥？你成绩不好老师怎么会给你。我那时的成绩在全校

1311.02490061
795.274131389
592.93050841
481.273284711
407.284692508
当前第574段,一共1471段
100到200名之间，没资格拿奖学金。B的伯伯和我爸爸很要好，每次也都会问我的成绩，我总是生怕我的分比B低。高中不在一所学校，我的玩心越来越重。高考离二本线差了100多分，我知道考不上，可是我爸妈的期望很高，我就撒了个谎，我考理综的时候睡着了。因为我性格懦弱很怕做错事很怕被一通骂。在出成绩之前我就去广东打暑假工了。后来知道我没考上，我爸妈一直要我去复读，我妈哭着求我，我知道我是考不上的我的心收不住基础没打好。（我脾气太倔，也不想再经历一次高三。也是怕我再一次考不上我爸妈会怎样对我，会不会骂我废物。）后来我爸又打电话给我说今年九百万人招六百万人，这都考不上说明那三百万个人是废物。你看看B都上了二本…我一听他提起B整个人都崩溃了，我就知道他会那别人来压我，我就说我死也不去，我爸就生气的挂了电话。第二天我妈又告诉我我爸还哭了。我不知道这有什么好哭的，就因为他在别人面前总是说我成绩好，有时还踩了B一把，因为我上的高中比B的好。现在我没考上就觉得打脸，面子挂不住。还搬出我外婆来劝我。后来在老师的劝说下，我爸妈同意给我去读专科。寒假回家一看见B我就怕，我就绕道走。生怕尴尬。

3449.26265473
2173.78688954
1643.38055426
1345.36600759
1223.12106078
当前第575段,一共1471段
可以说A和B也是我的阴影，在她们的光芒下我自卑了十几年。

151.555060719
108.461735638
67.3869722319
60.2211919362
46.4729806736
当前第576段,一共1471段
我爸脾气差，有时我反驳他，他就会生气。坚信自己永远是对的，别人不能说他，有次他说我以后不许嫁外省外市，我说我的婚姻大事肯定我自己决定，不要你们管。可能我的语气有点重，我爸就生气了，还说连这也说不得，你的脾气就是这么差。我性格古怪，初中在学校和男生的关系不怎么好，我爸不经过我同意看了我初中的同学录和日记。每次我惹他不高兴了，他就会说你脾气这么差怪不得你在学校不受欢迎的。初三毕业的暑假真的很难过我不知道学校要补课，B妹子的爸爸有一次来我家看见我说你怎么还不去补课？B都已经去了好几天了。我爸听了，叫我也去，我说我不去我怕我赶不上他们的进度，我爸就生气得几天都没理我。直到过了四五天我说我去补课才理我。记得初中的时候是寄宿的，有一次为了赶人家的顺风车我爸就使劲的催我，边催边骂。我那时在吃饭，吃得已经够快了，又听见他骂我，眼泪不听话的流哽咽的咽不下饭。泪流满面，我去洗把脸，还要出门呢。回来再写。我觉得把这些写出来心里会好过一点。

2694.5361933
1671.78661126
1345.23098854
1069.15524959
1002.00897768
当前第577段,一共1471段
编辑于 2016-07-10

当前第578段,一共1471段
0

当前第579段,一共1471段
​添加评论

当前第580段,一共1471段
​分享

当前第581段,一共1471段
​收藏​感谢收起

当前第582段,一共1471段


当前第583段,一共1471段
匿名用户

当前第584段,一共1471段
逛知乎这么了，第一次有种强烈的想要回答的欲望。我也是一个童年受过创伤的人，甚至直到现在。父母亲和亲戚在我的物质生活上对我很好，从小到大没有挨过饿受过冻。可是我在十几年的成长期间，没有得到过一点点正确的关爱。小时候父母吵架打架相信都是正常了，年幼的我只能躲在房间门背后看着他们，两个外表光鲜再斯文不过的人用最疯狂的谩骂来伤害对方。记忆里印象最深的就是晚上楼梯的脚步声，我害怕他们回来，害怕被迫知道那些我不愿意知道的事。

1625.49896644
942.589344306
656.439349557
519.062752042
431.697126841
当前第585段,一共1471段
稍微长大了一点，父母离异，跟随母亲生活，才真正开始我无人可懂，无人可听，一忍再忍的压抑的青春。具体事情我也不想再回忆，可是我深深的明白，精神和心理上的虐待远比身体上的更加可怕，好像自己才是个异类，怪物，所以越加惊恐，沉默寡言，又有时爆发，宛如一个神经病。长期下来，养成了我现在的性格，不敢相信任何人，遇见爱自己的人就会拼命的伤害对方，好像对方痛苦我才快乐。没有真心朋友，只是别人把我当真心朋友。没说过几句真话，因为不想暴露真实的自己。

1625.52993317
942.777613872
665.154118931
539.505740543
417.194715438
当前第586段,一共1471段
我不知道别人是不是和我有一样的感受，可是我却明白，也许我从来都在演戏，是个彻头彻尾的骗子。我渴望别人的爱，关心，保护，和对我真诚的付出，又厌恶这些珍贵的感情，表面感动，心里却想，真是恶心。

620.160520913
362.779366484
254.131840759
189.824640786
146.18638589
当前第587段,一共1471段
说了这么多，好像超出范围了，可是我就是想说明一点，这样的伤害永远不可能被修复。我在努力的寻回爱的能力，即使希望渺茫。

348.810187049
224.723806386
169.648731121
128.263816246
111.805718022
当前第588段,一共1471段
发布于 2016-07-10

当前第589段,一共1471段
0

当前第590段,一共1471段
​添加评论

当前第591段,一共1471段
​分享

当前第592段,一共1471段
​收藏​感谢

当前第593段,一共1471段


当前第594段,一共1471段
胖蝗虫

当前第595段,一共1471段
持家主妇 旅游达人

当前第596段,一共1471段
能淡化但不能完全消除 婚姻对象有非常大的作用

177.821650837
101.219059863
73.4054938706
55.8205203315
52.0530918576
当前第597段,一共1471段
发布于 2016-07-06

当前第598段,一共1471段
0

当前第599段,一共1471段
​添加评论

当前第600段,一共1471段
​分享

当前第601段,一共1471段
​收藏​感谢

当前第602段,一共1471段


当前第603段,一共1471段
知乎用户

当前第604段,一共1471段
学生

当前第605段,一共1471段
嗯

当前第606段,一共1471段
编辑于 2017-07-26

当前第607段,一共1471段
0

当前第608段,一共1471段
​添加评论

当前第609段,一共1471段
​分享

当前第610段,一共1471段
​收藏​感谢

当前第611段,一共1471段


当前第612段,一共1471段
王大卫

当前第613段,一共1471段
设计;插画;场景概念;书法;游戏;CG;摄影;金属摇滚

99.1995336838
61.1315981991
58.6014346316
56.3198589336
41.3030693841
当前第614段,一共1471段
难

当前第615段,一共1471段
发布于 2016-05-24

当前第616段,一共1471段
0

当前第617段,一共1471段
​添加评论

当前第618段,一共1471段
​分享

当前第619段,一共1471段
​收藏​感谢

当前第620段,一共1471段


当前第621段,一共1471段
Holiday-M

当前第622段,一共1471段
想要成为了不起的人！

当前第623段,一共1471段
不能，起码在我身上是无法治愈的。

当前第624段,一共1471段
编辑于 2016-04-08

当前第625段,一共1471段
0

当前第626段,一共1471段
​添加评论

当前第627段,一共1471段
​分享

当前第628段,一共1471段
​收藏​感谢

当前第629段,一共1471段


当前第630段,一共1471段
洋紫

当前第631段,一共1471段
无限可能。

当前第632段,一共1471段
我觉得谈不上能与不能 而是你自己是否介意。我以为最好的状态就是 前尘往事想要细数已经模糊 你觉得当下很好 过去很好 未来很好。 我也不记得怎么做到了 大概就是 接受外界 和自己和解 看着其他人不要觉得心里不平衡反而抱着一种“我不太好过 所以我希望你好”的温柔待人处事 

943.568446891
585.050044391
425.173579944
310.664556082
266.04065548
当前第633段,一共1471段
最重要的是 无论发生什么 你都得明白：你完全有资格重新开始 过得和别人一样幸福 甚至更幸福。反正都痛过了 如果不耿耿于怀那种“痛” 反而能像壁虎断尾一样扔掉 那你就真的真的赋予自己新的生命啦。

705.256180746
461.388875869
334.746403801
255.091497435
214.057116876
当前第634段,一共1471段
  所以别耿耿于怀 也别给自己设限制 觉得自己有多少缺陷 乐善好施 可以分享 不要过于介意自己的不完美 也不要太挑剔别人的“心愚”和“心丑”（敏感的孩子应该能懂这种比喻吧 曾经觉得别人怎么这么不善良这么笨）直接做自己觉得别人应该做到的那个标准

752.86223766
454.544402007
352.161919753
252.898233109
208.697266095
当前第635段,一共1471段


当前第636段,一共1471段
自助者天助 自爱者 神会爱你。

当前第637段,一共1471段
发布于 2016-02-06

当前第638段,一共1471段
0

当前第639段,一共1471段
​添加评论

当前第640段,一共1471段
​分享

当前第641段,一共1471段
​收藏​感谢

当前第642段,一共1471段


当前第643段,一共1471段
钱亚慧

当前第644段,一共1471段
无法改变

当前第645段,一共1471段
发布于 2016-02-05

当前第646段,一共1471段
0

当前第647段,一共1471段
​添加评论

当前第648段,一共1471段
​分享

当前第649段,一共1471段
​收藏​感谢

当前第650段,一共1471段


当前第651段,一共1471段
匿名用户

当前第652段,一共1471段
从来没有把这种事情 写出来过 想知道写出来后是什么感受。我没出生之前家里有个哥哥八岁出事 过了两年才有我。爸爸本来就有家暴倾向加之哥哥出事就对我和妈妈恨之入骨。所以我一直在姥姥家长大。四岁有了弟弟我才回去。我们不能生活在一起超过两天就会打我，拽头发 用脚踹 拿东西扔 反正就是他顺手的。我不能哭 不能出声 出声就打的更狠。就是找各种理由找事。不过好在他经常在外地做生意 。一年也就回几次。后来经常有人明里暗里跟我妈说我把在外面乱搞。那段时间我爸经常以生意亏损为由要我妈三番五次打钱给他。我妈是个非常节约的人 从不乱花钱。后来我妈觉得不对劲决定带我和弟弟去找他 。在凌晨两点多我们到达那个地方迟迟不见他来接我们 后来打了很多电话他才过来。在天色渐渐明亮行人越来越多的异地的马路上他们无休止的争吵 大骂  我恨不得去死 我觉得很丢脸 那时候我10岁。在争吵中弟弟走丢了 我和妈妈绝望的想死。所幸后来找到了。但爸爸躲起来不肯见我们。在叔叔那住了一段时间妈妈决定带我和弟弟去找他（因为之前他以为我妈不会去找他把地址和钥匙都给了我妈）我妈就照着地址在这个陌生的城市缝人打听 我觉得好丢脸 我妈就骂我。最后还是找到了 在用钥匙打开门的一瞬间 我们三个看到他们一丝不挂的躺在床上 这个画面直到现在对二十二岁的我对感情都感到恶心。他们又开始无休止的争吵 我吓哭了 除了哭我嘴里吐不出一个字这让我无比憎恨当时懦弱的自己 六岁的弟弟拉着我的手一直叫姐姐 我只是在哭什么都讲不出来。我忘记那天是怎样收场的了 只是在叔叔家我们三个人都在哭 我妈说我养不起你们两个因为我妈一直是家庭主妇没工作没学历但生意上我妈也很辛苦只是她从不会私自存一分钱  也不想把把你们任何一个人交给他 我真想把你们都毒死 我们一起死。我十岁的时候开始第一次对死亡渴望。后来我开始自残。因为爸爸有脾气发给妈妈 弟弟不开心会打我 他虽然吓但脾气超级暴躁。妈妈有脾气也只能刹给我 我找不到出口 很无助 很绝望。我拿刀划自己 指甲刀剪指甲烟头烫自己 当时真的觉得肉体的疼痛可能会缓解心理的痛苦 。14岁我交了男朋友 他对我特别好 我不知道为什么总是会用折磨的方式证明自己是被爱的。我绝望的渴望爱与被爱。我感觉自己有时候就是伤害自己想要看到他心疼我 真是蠢的要死。十个月后他受不了离开了我。后面的恋爱中我总是患得患失 骨子里的自卑 害怕被人看不起。害怕爱人随时离开 觉得自己不配拥有又绝望的渴望。人际交往也不顺利。大一一年都没跟男生说过话。因为我们班都是女生而且读的艺术学校 系里人也很少。每天下课就回宿舍呆着。后来好多人说我高冷啊什么的 郁郁寡欢的整天。于是我决定改变 我把社交软件上一切负面的东西删掉 对每个人都好脾气都微笑都乐观 相信一切会好起来。经过很长时间别人都觉得我生活的很好 很开朗。可我还是会在某个瞬间突然又不知道怎样面对自己 面对自己的懦弱和阴暗 害怕别人看穿。也从不和人说起。别人会说 这种心理不健康的人不知道会做出什么事来。叫男朋友会很在意他的过去 会去看他的前任。发现别人都像花一样美好自己就自卑的不知道怎么办 内心非常痛苦。写不下去了一些细节也不知道怎么写 想起了再说吧。

9348.61970285
6120.36472297
4898.74198888
4230.8221684
3980.88607115
当前第653段,一共1471段
发布于 2016-02-02

当前第654段,一共1471段
0

当前第655段,一共1471段
​1 条评论

当前第656段,一共1471段
​分享

当前第657段,一共1471段
​收藏​感谢

当前第658段,一共1471段


当前第659段,一共1471段
蜗牛

当前第660段,一共1471段
关注的人多了，总会碰到有意思的事情

当前第661段,一共1471段
姐姐，让他经济独立吧，虽然恢复比较慢，但是尽量让他觉得轻松，不论是你和他在不在一起。让他的选择是出于自己的考虑，并且告诉他，他是独一无二的。

473.967700969
281.592801899
184.572004471
146.495847678
135.375279647
当前第662段,一共1471段
发布于 2016-01-23

当前第663段,一共1471段
0

当前第664段,一共1471段
​添加评论

当前第665段,一共1471段
​分享

当前第666段,一共1471段
​收藏​感谢

当前第667段,一共1471段


当前第668段,一共1471段
于子昂

当前第669段,一共1471段
信息安全，大学LOL狗，国轻作者，热爱ACGN

56.2977417392
27.2346825233
28.644789256
28.0775229215
26.8216077306
当前第670段,一共1471段
江山易改，本性难移。

当前第671段,一共1471段
事已至此悔改亦是无用。

当前第672段,一共1471段
如果他想要自己改变尚有路可循，若光是家人想要做些什么，则无路可走。

211.40874953
126.260973318
109.657751814
77.2927525191
68.8301889534
当前第673段,一共1471段
如果他自己想要改变自己，作为家人当然要好好的支持他，尽可能的创造条件。当然创造条件不是言听计从也不是过分溺爱，而是在判断这么做对他的改变是否有益的条件下，进行支持。而且就算失败了，不能埋怨，不能放弃，不能认为自己做了无用功。对他要给予支持和鼓励，一直走下去的话会有所改变的。

963.532367828
572.312331301
364.935501919
309.855739373
252.972696109
当前第674段,一共1471段
但是，还是那句话，心理创伤不会完全恢复，势必相伴一生。人能做的只有正视它，然后改变自己罢了。

307.52270945
160.697588003
131.515073928
92.0737909861
99.3366371429
当前第675段,一共1471段
发布于 2016-01-12

当前第676段,一共1471段
0

当前第677段,一共1471段
​添加评论

当前第678段,一共1471段
​分享

当前第679段,一共1471段
​收藏​感谢

当前第680段,一共1471段


当前第681段,一共1471段
暮诚

当前第682段,一共1471段
画画狗/不和戾气重的人聊天

当前第683段,一共1471段
一部分可以。

当前第684段,一共1471段
浅层次的：交朋友，做人，努力方式，思想品德，感情向不深的可以通过后期的思辨学习来弥补。

325.228433702
176.112361307
104.682861889
86.6262440426
73.4310966103
当前第685段,一共1471段
但是深层次的，爱人的能力却不太行，

当前第686段,一共1471段
        自己没有得到过无偿的爱，又如何学会无偿的爱别人呢？

156.977714975
96.0189062282
57.8087159342
48.8288090919
33.9381832009
当前第687段,一共1471段
        就像

当前第688段,一共1471段
        自己没有撞到桌脚怎么可能感受别人小拇指撞到桌脚的疼痛？

205.403341556
116.377832876
63.675764114
56.4865410249
45.3589119161
当前第689段,一共1471段


当前第690段,一共1471段
顶多是理解不能感受。

当前第691段,一共1471段
发布于 2015-12-16

当前第692段,一共1471段
0

当前第693段,一共1471段
​添加评论

当前第694段,一共1471段
​分享

当前第695段,一共1471段
​收藏​感谢

当前第696段,一共1471段


当前第697段,一共1471段
蓝可颐

当前第698段,一共1471段
应该没有吧，心理创伤又不是外伤，怎么可能那么容易恢复

121.633926371
87.316420456
59.2434356751
41.6668761466
35.2340040141
当前第699段,一共1471段
发布于 2015-12-11

当前第700段,一共1471段
0

当前第701段,一共1471段
​添加评论

当前第702段,一共1471段
​分享

当前第703段,一共1471段
​收藏​感谢

当前第704段,一共1471段


当前第705段,一共1471段
眼泪浓汤

当前第706段,一共1471段
研究人类的人类

当前第707段,一共1471段
怎么说呢

当前第708段,一共1471段
目前看来我的人生蛮像小说

当前第709段,一共1471段
戏如人生，人生比戏更残酷

当前第710段,一共1471段
父亲目前在强制戒毒所

当前第711段,一共1471段
家破人亡，妻离子散不是耸人听闻

当前第712段,一共1471段
想说很多，却无从说起

当前第713段,一共1471段
emotionly shut down大概就是我现在的状态

86.2328709853
49.0613298404
37.474358793
32.7446006692
20.2613536865
当前第714段,一共1471段
我爱的人都在痛苦中，无一例外

当前第715段,一共1471段
我并无恨意

当前第716段,一共1471段
时常想着未来

当前第717段,一共1471段
想着父亲回来

当前第718段,一共1471段
时常回想过去

当前第719段,一共1471段
想着如果一切都能重来

当前第720段,一共1471段
生活很难，谁都是一样

当前第721段,一共1471段
you live a good life can't see what anybody is going through

105.41236813
79.8810100255
75.6891348283
65.8751171384
61.4599837878
当前第722段,一共1471段
不匿

当前第723段,一共1471段
发布于 2015-12-06

当前第724段,一共1471段
0

当前第725段,一共1471段
​添加评论

当前第726段,一共1471段
​分享

当前第727段,一共1471段
​收藏​感谢

当前第728段,一共1471段


当前第729段,一共1471段
匿名用户

当前第730段,一共1471段
        很想回答一下这个问题，一方面是抒发几十年来的痛苦，一方面也是希望为人父为人母的尽量给小孩一个完整的家。  

347.220849336
189.591097421
130.906406589
94.1185472556
78.1924806764
当前第731段,一共1471段
        85后的我出生在东南沿海一个不普通的家庭，之所以说不普通是因为我从来没有感受正常人所能感受到的父母之爱。也不知道是什么时候，父母开始不合、开始冷战、开始分居、开始用吵架的方式来沟通日常直至今日... 

659.437293391
377.428734702
279.876967387
217.763119254
194.699001506
当前第732段,一共1471段
       父母分居后(还住在同一栋房子里),主要是母亲照顾哥、姐、我，父亲基本没有管过我们。所以到现在我们三姐弟主要跟母亲亲，基本是在没有父爱的环境中长大的。

625.859416118
333.799309723
208.738667882
176.042171721
119.982606358
当前第733段,一共1471段
       小时候父母吵架打架的频率太高了，以至于有几次的场景我心里留下了无法磨灭的印记，直到现在我还是能清楚的记得。

311.419548155
182.324826584
131.123352921
102.672412103
102.069768981
当前第734段,一共1471段
      大概是90年某日的某个中午，读小学的我想着考试考完可以赶快回家吃饭了…可是，回到家的时候，父母又打架了家里都是人。那时候我恐惧，无助..但是没有哭，最后去了邻居家一个人默默的发呆，那天下午基本没讲过话，也不知道后来是如何回家的。现在回想起来特别想给当时自己一个拥抱，是谁让一个本应拥有快乐童年的小孩承受了这样的痛苦。

1060.62399106
627.870383142
460.678016185
341.991021083
317.441233222
当前第735段,一共1471段
    初中，在别人的欺负和嘲笑中完成了学业。高中经历了三次高考，终于考了一个北方二本学校。大学时好像突然顿悟了，考上了全国排名前十大学的研究生。毕业后找了一份饿不死发不了大财的工作一天天的过着。

724.217542832
397.371913607
274.723741309
219.700057579
179.413314566
当前第736段,一共1471段
       可以说家庭的不健全，让我敏感，自卑，好强，但又圆滑。我不会跟别人提起我的家庭，不会带同学回家玩，即使是我的好哥们。

355.402610483
225.879660267
164.130948767
111.368689856
105.126374228
当前第737段,一共1471段
       适婚年龄到了，家人着急，可是我对婚姻却一点都不向往。家人介绍了几个对象，还没开始就被我扼杀了。其实，在亲戚，同事，同学，朋友的眼里，长相、身高、性格、为人处事等等各方面都很nice，他们也纳闷为什么我还不找女朋友还不结婚。哎.....应该是自卑挑剔使然吧 ！每次都会因为相亲这事跟家里人吵架，这几天还在因为10月的一次相亲跟家人冷战，其实也特不想让母亲伤心！

1395.86190145
810.101231579
581.808760206
447.378227253
378.109161465
当前第738段,一共1471段
      现在夜晚都会习惯性焦虑失眠了，昨晚失眠到4点，今天在外面跑了一整天但现在也不是特别困。每每想起小时候的痛苦经历，想起奔三了现在还一事无成就会进入一个恶性循环的焦虑当中无法自拔。 

617.580997054
348.694969556
252.368293106
221.59313457
171.669549498
当前第739段,一共1471段
      别人普普通通能得到的，对我们来说可能是个奢侈品，比如父爱，比如完整的家……所以一直对哥、姐他们说，我们应得但没得到的东西要给孩子，要让他们有个快乐阳光的童年，苦了父母不能苦了孩子。这也是我绝尽所能去满足侄女侄子外甥要求的一个原因...

849.714095493
455.807060563
335.336721212
278.931567693
204.273737871
当前第740段,一共1471段
      黑暗童年的我们，只渴望阳光能洒进内心。

149.670830026
81.2343398135
53.8508292455
43.7769743005
35.9941653068
当前第741段,一共1471段
发布于 2015-12-05

当前第742段,一共1471段
0

当前第743段,一共1471段
​添加评论

当前第744段,一共1471段
​分享

当前第745段,一共1471段
​收藏​感谢

当前第746段,一共1471段


当前第747段,一共1471段
秦筝

当前第748段,一共1471段
努力学会热爱生活

当前第749段,一共1471段
不可能

当前第750段,一共1471段
发布于 2015-11-22

当前第751段,一共1471段
0

当前第752段,一共1471段
​添加评论

当前第753段,一共1471段
​分享

当前第754段,一共1471段
​收藏​感谢

当前第755段,一共1471段


当前第756段,一共1471段
匿名用户

当前第757段,一共1471段
我的家里。。。。。算好的。。。。。。。。可能不是。。。。。觉得好难受啊，，，以后一定回去看心理医生的，没有任何人陪我啊，父母也只关心我的吃穿，有时甚至不管，情感需求也没有办法。。。。好难受，，，，我觉得好委屈，他们的家庭好好，他们好厉害，，，我一点都不好。。。。。。。。。。。。。。。好难过，能不能不要嘲笑我，，，能不能不要装作你懂你明白。。。。。。。。我饿了大半天的时候。我长痘痘的时候，我自己不回家的时候。。。。。好难过。。。。现在特别容易被有相同经历的人吸引，很容易信任人，我很怕会和松子一样。。。我不想那么用力喜欢人。。。。。可是真的好想有人喜欢我啊。。。。陪着我好不好。。。。。好难过。。。。。。。

1675.57172833
1062.85788028
764.8346624
601.927893371
544.166584935
当前第758段,一共1471段
发布于 2015-09-20

当前第759段,一共1471段
0

当前第760段,一共1471段
​添加评论

当前第761段,一共1471段
​分享

当前第762段,一共1471段
​收藏​感谢

当前第763段,一共1471段


当前第764段,一共1471段
马丁

当前第765段,一共1471段
一个自认为有趣的摄影师～

当前第766段,一共1471段
当然也可以说电影跟现实不一样——《被嫌弃的松子的一生》貌似回答了这个问题~

285.942453164
173.497337677
99.7910409221
95.8904584203
69.7486042775
当前第767段,一共1471段
发布于 2015-08-23

当前第768段,一共1471段
0

当前第769段,一共1471段
​添加评论

当前第770段,一共1471段
​分享

当前第771段,一共1471段
​收藏​感谢

当前第772段,一共1471段


当前第773段,一共1471段
匿名用户

当前第774段,一共1471段
我爹是那种用面部表情和眼神对子女表达生气愤怒的，即使长大了看到那个眼神还是害怕。他一不高兴，全家都别想好过！对我娘有时候会使用暴力，虽然他不当着孩子的面，但是我娘会哭诉，她是善良的女人，不会将负面情绪附加于我们身上！要说影响，最讨厌的就是家庭暴力讨厌雄性动物！从来没想过要结婚，姐姐出嫁了会担心她们会不会和姐夫吵架，姐夫会不会打他们，要是敢，是会和他们拼命的！由于爹娘小时候常吵架打架，所以从小到大不会和别人吵，习惯用冷暴力处理和所有人的关系！(-.-)

1734.53581492
994.530363912
694.674628174
591.916387906
444.181649773
当前第775段,一共1471段
发布于 2015-08-22

当前第776段,一共1471段
0

当前第777段,一共1471段
​添加评论

当前第778段,一共1471段
​分享

当前第779段,一共1471段
​收藏​感谢

当前第780段,一共1471段


当前第781段,一共1471段
匿名用户

当前第782段,一共1471段
我自己就是，我觉得不能被修复，但是新建家庭后，会淡化。我老公就是非常和睦的家庭长大的，家庭条件小康。性格非常好，以至于我的家人包括他的家人都说他很幼稚。

473.591128584
277.970594122
193.531224542
148.836839845
137.350905827
当前第783段,一共1471段
其实我也觉得嫁给老公，真的是有点拖累他，有点害了他。

147.94979137
80.6596581751
57.1396479181
49.393465477
44.9607662468
当前第784段,一共1471段
言归正传吧，我的家庭就是因为钱而导致父母吵架打架一辈子，包括现在，我有孩子了，暂时回娘家住，即使是现在啊，父母都会当着我的面大吵。

350.319009849
235.818592806
161.963421678
131.396578216
105.669918567
当前第785段,一共1471段


当前第786段,一共1471段
我觉得首先是我们内心要强大，才会不受父母恶习的影响。当然也不能完全避免。

196.953578083
131.043309066
86.9917482654
81.1125853698
81.3579605629
当前第787段,一共1471段
现在有孩子了，从孕期开始就调整自己的心态，不想把父母对我的方式用到我孩子的身上，但即使自己不承认，也否认不了，我还是把父母的方式，部分的沿用到了我的孩子身上。

461.844170453
304.901155734
203.987087848
170.538068459
147.988779766
当前第788段,一共1471段
发布于 2015-08-22

当前第789段,一共1471段
0

当前第790段,一共1471段
​添加评论

当前第791段,一共1471段
​分享

当前第792段,一共1471段
​收藏​感谢

当前第793段,一共1471段


当前第794段,一共1471段
匿名用户

当前第795段,一共1471段
不可能。我现在25岁，心理非常脆弱，常常会觉得对这个世界没有归属感。

237.178509055
161.428060574
99.4913966466
68.6954168986
65.7275485537
当前第796段,一共1471段


当前第797段,一共1471段


当前第798段,一共1471段
我小学五年级妈妈出轨，被爸爸发现，家庭接近破碎，在亲戚朋友的极力撮合下父母没有离婚，因为我还有一个小八岁的亲弟弟，大两岁的舅舅的女儿从小住我家，跟我睡一张床。

648.074065765
352.396790254
227.704923494
202.883582482
163.461787827
当前第799段,一共1471段


当前第800段,一共1471段
一年后，妈妈发现爸爸出轨，爸爸这是报复为了报复妈妈的不忠，家里又是一阵乱。印象中很深的一件事就是，有次在外面碰到爸爸，叫他，他没答应我，当时直觉告诉我他跟别的女人在打电话。过了几个月，果然妈妈发现了，家里又是一阵吵架打架，摔东西。

883.27006873
522.170472672
341.979223348
279.444674067
231.889463055
当前第801段,一共1471段


当前第802段,一共1471段
爸妈还是没离婚，但是自从妈妈出轨后的好多年，家庭气氛都很压抑，我跟爸妈不知道说什么…就这样慢慢长大到现在，总是会觉得没有人真正关心过我，所以现在也没有男朋友，特别敏感，很难爱别人。

534.260049131
342.251143694
243.161795307
191.513700295
166.703864974
当前第803段,一共1471段
发布于 2015-08-22

当前第804段,一共1471段
0

当前第805段,一共1471段
​添加评论

当前第806段,一共1471段
​分享

当前第807段,一共1471段
​收藏​感谢

当前第808段,一共1471段


当前第809段,一共1471段
既见云初

当前第810段,一共1471段
我有故人抱剑去，斩尽春风未肯归。

当前第811段,一共1471段
不能。我就是一个例子。

当前第812段,一共1471段
发布于 2015-08-22

当前第813段,一共1471段
0

当前第814段,一共1471段
​添加评论

当前第815段,一共1471段
​分享

当前第816段,一共1471段
​收藏​感谢

当前第817段,一共1471段


当前第818段,一共1471段
宝宝

当前第819段,一共1471段
没可能！

当前第820段,一共1471段
发布于 2015-08-14

当前第821段,一共1471段
0

当前第822段,一共1471段
​添加评论

当前第823段,一共1471段
​分享

当前第824段,一共1471段
​收藏​感谢

当前第825段,一共1471段


当前第826段,一共1471段
Hanji Feng

当前第827段,一共1471段
建筑师

当前第828段,一共1471段
我觉得是可以基本修复的，但就像伤疤，一到紧急关头就隐隐作痛，或者崩裂。

218.930666414
126.907771501
94.5127191297
70.2912153857
65.9358954653
当前第829段,一共1471段
我是被我爸打着长大的。从有记忆开始到十八岁。小时候住弄堂，我是公认的乖孩子。我爸也是出身于一个恶性循环的家庭，他打我的原因跟我没关系，就是脾气不好，跟别人都处不好，就把气撒我头上了。打的有多狠呢？反正邻居们都来敲门，求他别打了。我爸说，我的孩子你们管不着。夏天穿短袖短裤去幼儿园，腿上胳膊上全是淤青，幼儿园老师也劝他。他姐姐们，就是我的姑妈们也劝他。当然没用。

1331.27708089
818.690923078
551.812760909
454.683664053
385.178924142
当前第830段,一共1471段
唯一没有劝过他的人，是最最爱我的老妈。她工资比他高，能力比他强，性格丝毫不软弱。她对我的溺爱是出名的。但只要我爸一打我，我妈就消失了。。。现在她给我的说法是，她看着太难受，无法接受。我一直都不理解她为什么不阻止他。我记得我爸打过我妈两次，每次都被我妈揍趴在地上哭。但对我，她连一句别打了都没有说过。。。当然她给我买各种东西，在经济上是被富养的。我妈告诉我，要好好学习，长大考个外地学校就好了。我的命不好，摊上这样的爸，要学会接受。

1578.76590288
937.479901053
679.202396581
553.671332548
462.374419168
当前第831段,一共1471段
我其实是个超级懒惰的人，而且呢，我爸逼着我吃很多的东西，一直给我剪马桶头，加上及其自卑害羞，所以小时候很迷信我妈的。就这样玩命学习，考上北京的大学了。

524.927621022
301.875882579
213.609640983
160.059252765
155.372246401
当前第832段,一共1471段
但上了大学，努力学习的意义已经失去，因为从小没有玩过，就特想玩。又因为这种背景出身，没什么交友能力，要命的是，自己完全意识不到，因为也没这个意愿。。。所以就是自己乱玩一气，本校的硕士本来不难考，我又是个擅长考试的人，八年就浑浑噩噩的过来了。

787.137373525
444.691551701
301.927954515
258.19728492
241.918569204
当前第833段,一共1471段
期间回家过几次，有一阵我爸每天都给我发很长很肉麻的短信，什么小心肝，爸爸永远爱你啦。然后我回家待我超好，但要不了一周，就复发了，每次我都是从上海逃回北京。

569.139897421
341.023134483
227.99808464
189.986358989
163.037485343
当前第834段,一共1471段
我长的倒是不很难看，自从没有我爸给我剪太郎头，恢复了普通的餐饮习惯之后，倒也是有个把人追，算是正常，不过我从来都是躲闪回避，出了遗传性性冷淡，这跟心理阴影有一定关系吧。

633.94151152
363.122957038
261.896974112
214.556731127
174.750266895
当前第835段,一共1471段
因为没在学习上努力过，也不想找工作，毕业之后就麻烦了，我妈说，回上海，她罩我。回家之后被我爸各种爆揍，我实在不堪忍受逃回了北京，在一家公司很不顺心的工作了一个月，我妈得了重病，电话里面气若游丝，我知道我爸那人根本不懂得照顾人，但也没曾想，他抓过电话开始咆哮，一定不会放过我。。。

987.685371936
589.081765084
431.7304398
314.023291792
287.810166925
当前第836段,一共1471段
我本来睡得跟猪一样，就从那时候起开始失眠，白天工作也是完全心神不宁。被炒鱿鱼得时候，老板说，毕业生做的不好没关系，我可以给你时间，但工作态度也不好就不行了。我有口莫辨，其实我是有努力工作的，但怎么也架不住精神恍惚效率低下狂犯错啊。。。

801.540419004
503.951324759
336.19494655
263.007813521
219.01781103
当前第837段,一共1471段
再后来，架不住家里的压力仓皇逃出国了。其实之前在国外呆过一阵，深感要做好建筑师，中国才是一个好地方，但我没选择了。我知道这么说特贱，我很多同学比我优秀都没有机会。

600.478835175
361.706412828
228.057309064
216.176161023
173.210576463
当前第838段,一共1471段
我现在三年没见到我爸了，特别拼命努力的学习工作。中间有一阵运气特差，特惨，作为一个不太年轻的，受过高等教育的女子，还要靠出卖廉价劳动力和色相过活。不过我一点都不抱怨，真的挺好的，至少没人回忽然冒出来打我了。就那么凄苦万分的过了半年，忽然有了很好很好的机会。

843.822926756
511.059768236
351.762789418
277.118826149
224.080149054
当前第839段,一共1471段
回到问题上，我觉得是人多少有些心理阴影，就算有完美家庭，也保不齐有个友情阴影，爱情阴影，事故阴影，疾病阴影。这些都是人生的一部分，没有必要把自己罩起来。都成年人了，又不是温室花朵。。。

584.974158568
373.012760417
252.311508361
197.019535638
159.839624674
当前第840段,一共1471段
至于要改变家人，基本没可能，我觉得我爸嗓子里能发出声音，我就离他远一点，先把自己变强，在专业上有所建树，攒点小钱，把我妈接到身边，这就是我的全部理想啦

621.557921265
391.439174192
288.211465053
233.675668619
176.875282282
当前第841段,一共1471段
发布于 2015-07-03

当前第842段,一共1471段
0

当前第843段,一共1471段
​3 条评论

当前第844段,一共1471段
​分享

当前第845段,一共1471段
​收藏​感谢收起

当前第846段,一共1471段


当前第847段,一共1471段
朱子洋

当前第848段,一共1471段
我覺得可以，但是這需要父母首先做出改變，全家都要付出相應的努力，這種惡性循環時間越久，需要付出的努力和愛就越多，我感覺這很困難，但不是不可能。

488.384303034
272.525139565
199.330664717
160.910728199
146.929836991
当前第849段,一共1471段
发布于 2015-06-08

当前第850段,一共1471段
0

当前第851段,一共1471段
​1 条评论

当前第852段,一共1471段
​分享

当前第853段,一共1471段
​收藏​感谢

当前第854段,一共1471段


当前第855段,一共1471段
匿名用户

当前第856段,一共1471段
作为承受着。

当前第857段,一共1471段


当前第858段,一共1471段
我现在所有的努力都是为了弥补儿时受到的伤害。

136.294961137
84.6048915374
59.9326357419
40.1941168105
35.3152616267
当前第859段,一共1471段
发布于 2015-05-23

当前第860段,一共1471段
0

当前第861段,一共1471段
​添加评论

当前第862段,一共1471段
​分享

当前第863段,一共1471段
​收藏​感谢

当前第864段,一共1471段


当前第865段,一共1471段
匿名用户

当前第866段,一共1471段
别磨蹭了，赶快去领证。

当前第867段,一共1471段
发布于 2015-05-14

当前第868段,一共1471段
0

当前第869段,一共1471段
​添加评论

当前第870段,一共1471段
​分享

当前第871段,一共1471段
​收藏​感谢

当前第872段,一共1471段


当前第873段,一共1471段
滚向你

当前第874段,一共1471段
爱是爱的，只是没那么久。

当前第875段,一共1471段
看到这个瞬间觉得以前小时候对表弟做的那些真是小儿科...为什么看到后面觉得弟弟对姐姐是真爱呢 [笑哭  ] 

381.749413767
211.631939056
134.436881255
123.838735577
99.3043096857
当前第876段,一共1471段
发布于 2015-05-13

当前第877段,一共1471段
0

当前第878段,一共1471段
​添加评论

当前第879段,一共1471段
​分享

当前第880段,一共1471段
​收藏​感谢

当前第881段,一共1471段


当前第882段,一共1471段
匿名用户

当前第883段,一共1471段
我父母在我不到两岁的时候就离婚了。从我还没上幼儿园的时候我就一直跟着我爸还有我爷爷奶奶。他们离婚的原因是因为第三者插足。我奶奶不喜欢我妈妈，她甚至撮合第三者和我爸好。当年我爸因为我妈长得好看非要和我妈在一起，怎么赶都不走那样，后来我妈同意了。我出生的时候我爸不知道在哪，来的只有我妈的好朋友，有没有我姥姥我不知道，但绝对没有我爸，也没我奶奶爷爷。慢慢大了之后在小学二年级的时候我就跟着我妈住一块儿了。我小时候从来没有问过我爸我妈在哪，我潜意识中就知道他们离婚了。现在我爸跟那个女的在一起了，生了一个男孩儿。我对身边的朋友都没提过我爸妈离婚的事儿，我不想他们觉得我可怜。我和爸妈只在早餐店一起吃过一顿早餐。她们从来没有一起陪我过过一次生日。我只想说她们对我现在的影响就是我不相信爱情。真的。我四年级的时候因为这件事在我姥姥家和我妈大吵一架，她打了我一巴掌。后来又因为她们离婚的事被我爸打了一巴掌。我现在依然在想他们当年把我生下来是为什么。上小学的时候我妈想找男朋友的时候我不想让她找，可能是我比较自私，她也这么说。我当时是这么跟她讲的 我不管我爸找女的是因为我爸对我来说不重要，但你是我妈妈，你对我很重要。我确实不懂事。现在我妈也找到了真正对她好的人，以后我不在她身边她可以找个照顾她的人。我初三的时候去加拿大读高中了，现在不在他们身边，一年回一次家。

3496.25870566
2257.87508838
1752.94193115
1561.25160411
1421.03399249
当前第884段,一共1471段
他们现在是都找到了爱的人，但对我来说他们离婚的事是伴随我一生的阴影。

117.742468321
77.7865603605
59.009037376
45.3717994021
49.4524244195
当前第885段,一共1471段
发布于 2015-05-13

当前第886段,一共1471段
0

当前第887段,一共1471段
​1 条评论

当前第888段,一共1471段
​分享

当前第889段,一共1471段
​收藏​感谢

当前第890段,一共1471段


当前第891段,一共1471段
匿名用户

当前第892段,一共1471段
有可能啊 恋爱 我的成长环境就是家暴啊 爸爸打妈妈 妈妈打我 用手 木条 浇花的皮管等等 没有任何理由的毒打还有罚跪 短则两三个小时长则七八个小时 跪到经常无法站立 除了肉体上还有精神上折磨 比如贬低 辱骂等等 还有那种成长在这种家庭里面长期带来的压抑和恐惧 然而 后来长大了遇到现在这个马上要和我结婚的男人 前几天他刚求婚了 在和他交往的这几年里 真的变的非常不一样 最起码 和他在一起以后 我再也没想过要这个世界 我也不再和以前一样咄咄逼人 甚至学会了宽容 他抚平了我所有的创伤 

1760.21098458
1001.29841569
707.679638017
574.852757362
498.789334122
当前第893段,一共1471段
发布于 2015-05-13

当前第894段,一共1471段
0

当前第895段,一共1471段
​添加评论

当前第896段,一共1471段
​分享

当前第897段,一共1471段
​收藏​感谢

当前第898段,一共1471段


当前第899段,一共1471段
匿名用户

当前第900段,一共1471段
不能 除非受害者本人积极地做出改变。

当前第901段,一共1471段


当前第902段,一共1471段
我一直觉得前男友得精神分裂的原因是家庭伤害 以及他太聪明。扯题了。

220.031608046
136.196878366
85.4531471421
63.8845681624
58.3444216784
当前第903段,一共1471段
发布于 2015-05-13

当前第904段,一共1471段
0

当前第905段,一共1471段
​添加评论

当前第906段,一共1471段
​分享

当前第907段,一共1471段
​收藏​感谢

当前第908段,一共1471段


当前第909段,一共1471段
匿名用户

当前第910段,一共1471段
感觉可能性很小。虽然你自卑在某一点上的习惯被改掉，但是在别的方面也会映射出来。

348.714254233
222.576050699
163.341094127
109.545064098
102.445665538
当前第911段,一共1471段
发布于 2015-05-12

当前第912段,一共1471段
0

当前第913段,一共1471段
​添加评论

当前第914段,一共1471段
​分享

当前第915段,一共1471段
​收藏​感谢

当前第916段,一共1471段


当前第917段,一共1471段
匿名用户

当前第918段,一共1471段
所有苦难都有可能成为祝福。

当前第919段,一共1471段
发布于 2015-05-12

当前第920段,一共1471段
0

当前第921段,一共1471段
​添加评论

当前第922段,一共1471段
​分享

当前第923段,一共1471段
​收藏​感谢

当前第924段,一共1471段


当前第925段,一共1471段
王斐珏

当前第926段,一共1471段
不可能

当前第927段,一共1471段
发布于 2015-05-12

当前第928段,一共1471段
0

当前第929段,一共1471段
​添加评论

当前第930段,一共1471段
​分享

当前第931段,一共1471段
​收藏​感谢

当前第932段,一共1471段


当前第933段,一共1471段
既见君子

当前第934段,一共1471段
傻子

当前第935段,一共1471段
比较难。童年经历会影响你的行为倾向、思维模式。你可能没有意识到，即使意识到你也比较难避免。童年经历既可以成为你前进的力量，也可以是局限你的泥潭，得看你有多么大的心理力量。建议看看乔布斯传，或许能找到你要的答案。

750.766008646
429.630277195
321.311762024
247.140246126
207.586425197
当前第936段,一共1471段
发布于 2015-05-12

当前第937段,一共1471段
0

当前第938段,一共1471段
​添加评论

当前第939段,一共1471段
​分享

当前第940段,一共1471段
​收藏​感谢

当前第941段,一共1471段


当前第942段,一共1471段
匿名用户

当前第943段,一共1471段
弥补难，我又相同心理，只不过我的心里来自于我的养父母。不是说养父母对我不好，只是有一些不定地因素让人很惶恐。所以我爱他们，也怨恨他们。但人如果要过好，就需要自救，自己去解救自己的心里，遇到另一个人，重新构建一个有安全感的生活环境。而姐姐，本身就是恐惧感的来源，如果姐姐能意识到问题，给弟弟默默的保护就好。不要再做更多的事情。

1264.94289818
704.373630334
491.965975966
403.84867538
347.12272377
当前第944段,一共1471段
发布于 2015-05-12

当前第945段,一共1471段
0

当前第946段,一共1471段
​添加评论

当前第947段,一共1471段
​分享

当前第948段,一共1471段
​收藏​感谢

当前第949段,一共1471段


当前第950段,一共1471段
合成人龟

当前第951段,一共1471段
试试吧，试着试着一辈子就过完了

当前第952段,一共1471段
发布于 2015-05-12

当前第953段,一共1471段
0

当前第954段,一共1471段
​添加评论

当前第955段,一共1471段
​分享

当前第956段,一共1471段
​收藏​感谢

当前第957段,一共1471段


当前第958段,一共1471段
匿名用户

当前第959段,一共1471段
算了还是匿名吧。影响不只是一点点

当前第960段,一共1471段
发布于 2015-05-12

当前第961段,一共1471段
0

当前第962段,一共1471段
​添加评论

当前第963段,一共1471段
​分享

当前第964段,一共1471段
​收藏​感谢

当前第965段,一共1471段


当前第966段,一共1471段
匿名用户

当前第967段,一共1471段
看到大家的童年，家庭，突然发现我真幸运。从小到大挨打的次屈指可数，父母的教育观念是孩子懂事以后不管犯什么错都不能武力解决，所以当我哥青春期离家出走回来后我爸也没打他一下。父母从来都不会偏向溺爱哪一个，我们兄妹三人从小到大就是打过来骂过来的，也不知道怎么了，发现我跟别人从来没骂过架，骂的最多的竟是跟我姐。可是我们姐妹的关系一直很好，虽然打骂很多，哈哈，我现在都记得我把姐姐踹到床下去，我也记得我离家去住校的时候姐姐把她的裤子送给了我，那条裤子我们俩都特喜欢，开始姐姐一直不舍得给我。当然跟哥哥的关系更好了，以前个个都是跟我一伙的，还记得哥哥从青岛上学放假回来的时候还给我带了三点一练，我和哥哥一样每次从外地放假回家的话一定会买礼物，尤其是给爷爷奶奶。现在呢，我还要给小侄子小侄女买。

2673.90032664
1536.56620088
1124.51150498
918.998005076
790.668817056
当前第968段,一共1471段
说远了，我觉得我们兄妹三人能相处的这么好其实跟父母关系很大，我父母都是老实人，从来没看到过他们和别人吵架什，么的，而且这么多年来我也没看到他们俩吵过架。其实我能感觉出来妈妈更爱爸爸，比爱我们还爱。妈妈是我们村有名的孝顺善良，这次放假回去奶奶和姑姑他们还说呢，妈妈嫁过来这么多年都没发现她的什么不是。也许是妈妈的孝顺吧，我们也都特别孝顺爷爷奶奶，所以我会花半个月打工挣的钱给爷爷奶奶买红参。

1315.86726395
809.459695753
593.835671202
506.582252764
412.036841907
当前第969段,一共1471段
最后，我觉得家庭父母兄妹真的很重要，影响的是我们整个人生，虽然我一直飘在外面，但我一直都很踏实，因为我有坚固的后方做保障。

373.47674722
230.480951236
165.728580516
127.792688201
105.623925228
当前第970段,一共1471段
发布于 2015-05-11

当前第971段,一共1471段
0

当前第972段,一共1471段
​添加评论

当前第973段,一共1471段
​分享

当前第974段,一共1471段
​收藏​感谢

当前第975段,一共1471段


当前第976段,一共1471段
wang lulu

当前第977段,一共1471段
非专业编辑 策划 执行

当前第978段,一共1471段
当然可以 前提是被治疗者和治疗者需要极大的勇气和毅力去面对问题 找到突破口

270.300106758
138.442401585
95.2651493954
91.0995955379
67.1036809609
当前第979段,一共1471段
发布于 2015-05-11

当前第980段,一共1471段
0

当前第981段,一共1471段
​添加评论

当前第982段,一共1471段
​分享

当前第983段,一共1471段
​收藏​感谢

当前第984段,一共1471段


当前第985段,一共1471段
匿名用户

当前第986段,一共1471段
认真的把所有问题和答案看了一遍，不由得在思考一个问题，为什么要修复童年的创伤，是因为现在过得不好吗？

330.346879103
213.196366788
152.482841512
110.745690798
96.1634982918
当前第987段,一共1471段


当前第988段,一共1471段
如果说解决方法，最简单的就是做心理咨询了，因为专业的，才是最好的，就像生病了最好的解决方法就是去医院看医生。

366.586363332
231.773846411
148.990925774
131.116658405
98.9067080346
当前第989段,一共1471段


当前第990段,一共1471段
其实每个人在成长的过程中都会或多或少的遇到一些成长的创伤，这是不可避免的，也是成长所赋予我们的一部分经历。

282.673960492
167.156242684
116.99310027
101.950019018
85.0548375171
当前第991段,一共1471段


当前第992段,一共1471段
我们的人生观构成了对这个世界的看法，与我们做事的准则，如果我们觉得不好的时候，就是对我们的人生观开始质疑的时候，通过质疑来不断的充实或者修复人生观

483.929492353
254.034802726
177.957346562
150.786578595
116.94287215
当前第993段,一共1471段
，这就是一个成长过程。

当前第994段,一共1471段


当前第995段,一共1471段
成长是件痛苦的事，如何成长呢

当前第996段,一共1471段


当前第997段,一共1471段
一，摆脱宿命心态，这点是最难的，如果一个人不愿意改变，那么如何成长呢？

209.250451581
106.240123837
80.7492205712
70.3525042525
51.2324749424
当前第998段,一共1471段
二，分析产生的原因，认识到问题的本质

当前第999段,一共1471段
三，坚持改变，只有不断坚持，才能算是成长

103.216830832
53.6964568273
33.4681812938
30.0620363474
28.1776637744
当前第1000段,一共1471段


当前第1001段,一共1471段
写的有点乱，简单点就是说，相信自己，一切皆有可能

185.234261962
100.823904128
64.2892029821
60.900033106
44.95513054
当前第1002段,一共1471段
发布于 2015-05-11

当前第1003段,一共1471段
0

当前第1004段,一共1471段
​添加评论

当前第1005段,一共1471段
​分享

当前第1006段,一共1471段
​收藏​感谢

当前第1007段,一共1471段


当前第1008段,一共1471段
P丫丫

当前第1009段,一共1471段
只能缓解，把伤口冻结，假装遗忘，但无法修复。

134.470106985
77.0718633402
55.7013597028
48.085410744
31.3006671498
当前第1010段,一共1471段
发布于 2015-05-11

当前第1011段,一共1471段
0

当前第1012段,一共1471段
​添加评论

当前第1013段,一共1471段
​分享

当前第1014段,一共1471段
​收藏​感谢

当前第1015段,一共1471段


当前第1016段,一共1471段
Moonshine

当前第1017段,一共1471段
法学院

当前第1018段,一共1471段
父母对女儿的纵容导致了儿子从小生活在一种紧张的环境当中，但其实这段描述给我感觉男孩对姐姐既爱又怕，甚至一些如梦游都会去找姐姐等的行为看起来有点像斯德哥尔摩综合征。姐姐现在终于长大成人认识到自己曾经的不成熟和不宽容，她内心感到愧疚。这种创伤应当由施害者去弥补，在家庭里，柔软的方式总会召唤出温情。

1207.24479341
736.962098625
520.105391165
399.324664026
333.933860195
当前第1019段,一共1471段
这种童年阴影不可能完全没有影响，但我认为是可以修复的，其实最重要还是在于际遇。

208.274722544
133.772394012
106.945120087
74.6890418541
81.5027492225
当前第1020段,一共1471段
如果他以后的人生中可以遇到平等温柔待他的人，当然这是建立在亲密关系的基础上，最典型的就是恋人关系，还有好朋友，良好的师友关系。但在本案例中，男孩生命中对他影响最大的无疑是姐姐，解铃还须系铃人，姐姐可以和弟弟坦诚地交流，在行动上去补偿。

864.197056489
513.914012446
375.848315578
275.584232234
236.478620858
当前第1021段,一共1471段
我们爱一个人，就应该理解她内心最真实的渴求与想法，要知道他期待什么，要用他所希望的方式去爱他，当然这很难。具体的操作上需要相当的智慧，我们现在所有的行为和处事方式，都拜赐于童年时的遭遇，希望每一个孩子都能健康温暖的长大成人。

756.883467237
461.15551409
358.902700062
312.534688692
256.98158866
当前第1022段,一共1471段
发布于 2015-05-11

当前第1023段,一共1471段
0

当前第1024段,一共1471段
​添加评论

当前第1025段,一共1471段
​分享

当前第1026段,一共1471段
​收藏​感谢

当前第1027段,一共1471段


当前第1028段,一共1471段
指弹科学家

当前第1029段,一共1471段
伪大学生，Post Rock音乐人，guitar player&collector，老电影爱好者,电脑维修师傅

153.424010162
81.7302121623
76.2450125408
71.0156938736
53.7566399118
当前第1030段,一共1471段
结合自身经历回答。作为一个单亲家庭的孩子，我觉得即使心中有心理阴影，在我们成长了之后，更重要的是珍惜眼前，去爱护我们的父母，心理阴影什么的，我选择忽视。

438.630452971
270.673210182
185.738981957
157.752913478
134.935207741
当前第1031段,一共1471段
发布于 2015-05-11

当前第1032段,一共1471段
0

当前第1033段,一共1471段
​添加评论

当前第1034段,一共1471段
​分享

当前第1035段,一共1471段
​收藏​感谢

当前第1036段,一共1471段


当前第1037段,一共1471段
匿名用户

当前第1038段,一共1471段
首先是父母的责任，中国有一句话：穷养儿，富养女。我觉得这句话本身从字面上的理解就是有矛盾的。爱是永恒相对的，父母有多少的爱与多少的关注很大程度上决定了你这个孩子多维度的行为、想法、价值观念等等，还是以上那句话：穷养儿、富养女。透过浮躁的现象去看本质应该理解为：穷儿之物质，富女之思维。才是真正的本质所在。所以父母肯定是要有责任的。

1220.59695795
636.630218677
467.16564827
382.670067006
350.110796055
当前第1039段,一共1471段
其次是自己，往往逆生长的孩子是最容易成长的，但是太处于极端化，总体来说一定是弊大于利。我给题主讲讲我自己的亲身经历吧，虽然我和题主相比我家里只有我一个人，但是我还是比较能对题主感同身受的：我今年25岁，从事互联网、电商。我在很小的时候，我曾经在一次过节家里老人都聚在一起吃饭的时候，没按时回家吃饭，被我爸吊起来在家里裸着打，扫把都打烂了，我妈在旁边也没有拦，那年我是三年级我还记得。我身上淤青了很久。那个过节的饭我还是忍着痛吃完的，我上了四年级，因为成绩不好，经常因为作业没写完就被家里半夜检查的时候敢起来写，这个时候我就开始不爱和家里说话了，题主的弟弟我相信也是。我开始叛逆了，五年级就在学校拉帮结派。我觉得他们才是真正对我好的，还一起出生入死的好兄弟（所以会极端作法）。在小学毕业，家里一直都是比较极力的管制，上了初中，读的贵族学校，学校里各式各样的人都有。这个时候我和父母已经不是精彩联系了。班里有人谈恋爱，有人爱学习，有人喜欢扎堆议论别人，有人喜欢打架挑衅惹事，还有人吸K粉。因为父母不在身边，我当时差点走上了吸K粉的路。所以，爱一定是相对的。我得不到重视，我就想办法做出事情让别人注意我。因为我抑制得太久。现在自己25岁，开了两家公司，自己逆生长，后天性主动的野蛮生长，弥补过失？童年是没有办法弥补的！题主弟弟也一样，最后是不是会让弟弟养成一种什么样思维和想法的性格。对他以后一定是有影响的，在早年孩子不懂事的时候就应该多灌输一些孩子之间正确的人生观念和价值观念让孩子作为基础，别听国外教育什么任他随自己性格发展，国外那套不适用天朝。人越大，越难改变！能做的就是让他自己去尝试自己喜欢的人和事，只要不犯法，积极向上正确的事，多沟通，主观的家庭改不了！那一定要去改变自己！我看到很多评论说什么基石已碎或者不行了，你人生是你自己的，最主要还是看你自己，事在人为体现在任何情况下！爱情公寓怎么唱来着：我的未来是由我做主。好吧，是有点Low，但味在。

5697.43566353
3607.76738814
2778.12074465
2312.41474547
2035.39966875
当前第1040段,一共1471段
发布于 2015-05-11

当前第1041段,一共1471段
0

当前第1042段,一共1471段
​添加评论

当前第1043段,一共1471段
​分享

当前第1044段,一共1471段
​收藏​感谢

当前第1045段,一共1471段


当前第1046段,一共1471段
匿名用户

当前第1047段,一共1471段
我比较记仇，不管是父母还是兄弟姐妹的仇一定会加倍奉还的。

156.983714048
91.4286553621
66.7516367651
56.6397943841
37.7297240348
当前第1048段,一共1471段
发布于 2015-05-11

当前第1049段,一共1471段
0

当前第1050段,一共1471段
​添加评论

当前第1051段,一共1471段
​分享

当前第1052段,一共1471段
​收藏​感谢

当前第1053段,一共1471段


当前第1054段,一共1471段
匿名用户

当前第1055段,一共1471段
说说我咯，有个大五岁的姐姐，理智上对我很好，但是交流方式有问题，不会换位思考，暴力，自以为是，前段时间，我想从她哪里得到安慰的时候，结果却是一顿臭骂和断绝关系的宣言，我去尼玛的，吵个架，断你妹的关系。我看到这个问题都看哭了。我只是想告诉文中的这个姐姐，首先，请你放下深入骨髓的自以为是，你的某些行为也是深入骨髓的，我还真不信短时间能改回来；其二，你若充满愧疚，带你弟弟去看心理医生，这是理智并系统解决的办法，当然心理咨询很贵，但是读大学什么的有免费资源。

1612.44148587
953.416028774
687.490861645
497.929235585
457.582199531
当前第1056段,一共1471段
好了，正事完了，让我发泄下我心中的愤怒，我要对那个对弟弟不好的姐姐骂一句劳资去你妈的。你他妈到底知不知道你做了什么，你到底知不知道你给别人带来了多大的伤害，混蛋！

601.662693303
346.234490188
248.216178413
174.215599759
133.925049766
当前第1057段,一共1471段
骂完了好过点，我想告诉这位姐姐的是，你也是个受害者，你年幼自觉力不强，做出这些也不是你的本意，所以，你也需要去看心理医生，去做咨询。

385.738440093
252.293367352
186.219660897
131.194315239
122.510529589
当前第1058段,一共1471段
发布于 2015-05-11

当前第1059段,一共1471段
0

当前第1060段,一共1471段
​添加评论

当前第1061段,一共1471段
​分享

当前第1062段,一共1471段
​收藏​感谢

当前第1063段,一共1471段


当前第1064段,一共1471段
跑啊跑啊跑啊

当前第1065段,一共1471段
相信科学，也相信未知的科学

当前第1066段,一共1471段
有勇气恨你所做的就好了

当前第1067段,一共1471段
发布于 2015-05-10

当前第1068段,一共1471段
0

当前第1069段,一共1471段
​添加评论

当前第1070段,一共1471段
​分享

当前第1071段,一共1471段
​收藏​感谢

当前第1072段,一共1471段


当前第1073段,一共1471段
匿名用户

当前第1074段,一共1471段
如果父母自己不做点什么，那么这辈子都没有这种可能。如果父母做了点什么。那么尽管时间会很久。但慢慢的会被时间洗刷。获得新生。

432.021832072
267.208430426
187.689983589
130.63924517
125.15420988
当前第1075段,一共1471段
发布于 2015-05-10

当前第1076段,一共1471段
0

当前第1077段,一共1471段
​添加评论

当前第1078段,一共1471段
​分享

当前第1079段,一共1471段
​收藏​感谢

当前第1080段,一共1471段


当前第1081段,一共1471段
匿名用户

当前第1082段,一共1471段
1 人赞同了该回答

当前第1083段,一共1471段
世界上没有完美的家庭，恐怕一个都没有

当前第1084段,一共1471段
每个人都背着伤痛

当前第1085段,一共1471段


当前第1086段,一共1471段
有的人天生使然，遇人便诉其之痛

当前第1087段,一共1471段
有的人，背着伤痛自食自咽，坚强的如同陨石。

114.198758023
60.7514959787
45.0050267332
45.5295874074
29.6910811926
当前第1088段,一共1471段


当前第1089段,一共1471段
伤痛无法自愈，只会留下伤疤，深深浅浅

当前第1090段,一共1471段
你要带着伤疤活下去，自然没有心理激光手术。

184.280592078
130.659225167
96.3228762832
74.0853657219
53.7669386377
当前第1091段,一共1471段


当前第1092段,一共1471段
伤痛造就了你的性格，是敏感脆弱又时而懦弱牵强。

153.263393755
94.9778029205
59.966955968
52.4268588667
65.5436665811
当前第1093段,一共1471段


当前第1094段,一共1471段
是冷漠无情又生性凉薄，渴望被爱又难以委身。

156.640086309
81.3187161301
74.1732079902
47.4762827363
46.3732408871
当前第1095段,一共1471段


当前第1096段,一共1471段
你看，这街上形形色色的人，带着面无表情的脸，他们的过去无从知晓，不快乐的人却永远是不快乐。

312.29333237
168.945333983
122.441951254
95.290470778
79.0151772267
当前第1097段,一共1471段


当前第1098段,一共1471段
你的过去，别让他连累你太久太久，这一生一世为何要去记忆那些畸形的伤疤彻骨的痛。

267.282201418
163.200152299
111.413386282
103.131027998
72.7103175649
当前第1099段,一共1471段


当前第1100段,一共1471段
让过去的痛，随风飘逝，过眼云烟，消失在岁月的长河里吧。

186.47887728
107.94950711
68.5728369014
64.6399209247
50.8337499734
当前第1101段,一共1471段
发布于 2014-05-20

当前第1102段,一共1471段
1

当前第1103段,一共1471段
​添加评论

当前第1104段,一共1471段
​分享

当前第1105段,一共1471段
​收藏​感谢

当前第1106段,一共1471段


当前第1107段,一共1471段
匿名用户

当前第1108段,一共1471段
14 人赞同了该回答

当前第1109段,一共1471段
他性格极端好胜，自尊心强，极其脆弱，易失控，易哭。同时他极其爱她，依恋她，愿意为哄她开心做一切事(甚至曾半夜梦游去找她)，并在任何时刻无条件的维护她。

575.964432218
330.457267076
228.699380874
181.672830125
150.844773958
当前第1110段,一共1471段
TZ你都说了，已经变成了性格的一部分，还怎么弥补呢？还怎么消除呢？

215.420835568
132.508422544
97.0164640305
70.3889460647
53.2818273372
当前第1111段,一共1471段
消除了以后，这个人还剩什么性格呢？

当前第1112段,一共1471段


当前第1113段,一共1471段
有过类似的经历，觉得自己的情况不算严重，自己在调节。

149.981477949
86.0840977818
58.332547701
43.9333951741
31.7647517142
当前第1114段,一共1471段


当前第1115段,一共1471段
简单来说，就是一个不打算被生出来的人，最后竟然被养大了。所以直到快20岁的时候，还一直认为自己的存在就是错误，连“存在即是合理”都安慰不了，只是觉得自己越活越大，身上背负的期望也越来越大，才没有做出什么过激的事情。

803.954383191
490.782645673
337.930981767
268.839760991
238.7170157
当前第1116段,一共1471段


当前第1117段,一共1471段
可是你能明白，20多岁才开始学习怎么接纳自己，怎么爱惜自己，怎么保护自己，难过的时候不要伤害自己这样简单的事情有多可笑又多困难么？所以我从来都觉得，那些有公主病的人，说不定也很让人羡慕呢呵呵。至少他们的三观比我还要正一点。

847.919405931
524.259101373
366.250048608
271.602954282
221.609637646
当前第1118段,一共1471段


当前第1119段,一共1471段
当TZ趾高气扬地说“怎么修复”的时候，有没有想过，一个本来应该肆无忌惮去淘气的小孩子，为什么在世界观都没形成的时候，就已经学会了现在大学生刚走出校门才抱怨的“逢迎虚伪”？

607.875177621
369.606667322
258.44166887
211.3484854
175.596780986
当前第1120段,一共1471段


当前第1121段,一共1471段
我童年的时候是吃百家饭长大的，成年以后，我当然愿意理解为这是亲人对我们家的关爱，可是天知道那段时间我写的日记是多么灰暗。逢迎这种事我做得不够熟练，所以经常被一个表姐责骂，被一个姨夫挖苦。成年以后我和他们关系也很好啊，见面打招呼，不见面经常会在微信上面问一问近况，所以这个伤疤被修复了么？呵呵，被修复的话，我在打下刚才那段字的时候手就不会抖了。只是没必要再提起了，只是愿意去理解了。你如果让我说我心里的阴影被消除了，或者我原谅了他们，真的要扇你丫的，姐能试着去理解你已经不错了好么！

1715.29110282
1104.26977129
823.176706097
659.178325944
588.80878219
当前第1122段,一共1471段


当前第1123段,一共1471段
成年人被喷子喷几句，都还会生气好一会，情绪状态都受到影响呢。一个小孩子，对于这个世界没有认知，整天生活在这样的环境中，能够受到多大的影响想想就知道啦。（莫名想到葫芦娃里面被蛇精养大的七娃。。。。）

848.493392635
524.638446903
391.60595547
293.289481566
255.485045944
当前第1124段,一共1471段


当前第1125段,一共1471段
童年的时候，人虽然不是一张白纸，但是可塑性多强啊，你把他捏成什么样，他就按照这个模子来长大。现在你说，来，我们修复一下，消除阴影，呵呵，别麻烦了，回炉重造吧。因为你根本就消除不过来啊，就像你在受精卵上做标记，然后受精卵分裂出来的细胞都会带有这样的标记。那些创伤，早就成为性格的一部分了。

958.476419568
626.135938596
459.324362034
355.35713946
314.441445783
当前第1126段,一共1471段


当前第1127段,一共1471段
我也曾经研究过，如果我的童年环境不是那样的话，或者知道真相的时间推迟一些的话，对我来说会有什么影响。我推了很久，是的，在这么无聊的事情上，我推了很久，然后就是蝴蝶效应，试想着消除童年创伤，根本就是没有结果的事，因为小的时候，人的成长方向的可能性太多了。

752.561500267
490.69623251
363.386879247
280.383180294
236.226635044
当前第1128段,一共1471段


当前第1129段,一共1471段
因为曾经受到欺辱而自尊，因为不受保护而脆弱，因为不受重视而好胜，因为缺乏安全感而依恋。你甚至可以去看看他人生的奋斗目标，这辈子一直在做的事，很可能就是寻求别人的认可。别说为什么不是自己的认可，因为有过童年创伤的人，多是不认可自己的，哪怕再狂妄再邪魅狂狷，骨子里都是自轻的。（摔，为什么我接触过这么多悲催的人）

1043.91140441
582.931378653
430.488565681
363.051153317
296.248416959
当前第1130段,一共1471段


当前第1131段,一共1471段


当前第1132段,一共1471段


当前第1133段,一共1471段
所以怎么办呢？

当前第1134段,一共1471段


当前第1135段,一共1471段
什么都别干！特别你是一个“施虐者”的话。因为你根本意识不到你对别人造成的伤害有多大，你意识到自己的错误，也只是其中的一丢丢而已，面对你意识不到的错误，你还是觉得自己有不拉不拉的理由。

656.193633316
384.004500237
283.931962523
200.289720983
199.837266637
当前第1136段,一共1471段


当前第1137段,一共1471段
而且，大部分受过伤害的人对于那段经历和伤害自己的人都是有抵触心理的，你单方面地想要修复，很可能会弄巧成拙。假设我表姐来跟我说抱歉，我的反应肯定是“哈哈哈哈，这都不是事啊，还道什么歉，小孩子家家的，谁不会犯错啊！”因为我很清楚啊，谁都不能感同身受，我又何必显得那么斤斤计较？

913.190932124
547.73312809
401.938598278
345.364429909
251.882533618
当前第1138段,一共1471段


当前第1139段,一共1471段
看过《心灵捕手》的人都记得，里面那几句台词“那不是你的错”，重复了好几遍。我能说我这么一个从来都是冷眼看悲剧的人，当时哭得稀里哗啦么，而且还是在120人的大教室里（幸好当时关了灯）。没有经历过的人真的体会不到，因为当时有人在旁边说“别重复了喂！”所以，让这个人自己接纳自己，自己原谅自己，真的很重要。做不到这一点，其他谁说什么“忘了过去，你要坚强”，都是在耍流氓。

1217.31441953
788.406197455
572.907686084
464.407810824
405.645511679
当前第1140段,一共1471段


当前第1141段,一共1471段
那么，如何接纳自己，就要看当事人自己的“想要被改造”的意识和欲望有没有很强烈了。但说实话，改造自己真的很痛苦，把三观捏碎再重建一样。这个时候自己扛可以，扛不了就找专业人员，不要搞什么“这个世界充满爱你快好起来”的鸡汤了，治标不治本，还毁体型。

910.02522958
526.410988345
383.817267201
287.161251277
256.18101572
当前第1142段,一共1471段


当前第1143段,一共1471段


当前第1144段,一共1471段


当前第1145段,一共1471段
PS：答主是个女汉子，周围的朋友都不知道我的童年经历，整天和狐朋狗友互黒自黑连环黑，偶尔难过发个小状态，还会被恶意点赞。当然，性格也有很大的缺点，这些是更亲近的朋友才会知道，比如偶尔情绪不稳定啦，玻璃心啦啦啦。曾经有一个阿姨知道了我的事情以后，抱着我说“根本看不出来你有那样的经历啊”，言外之意是，你现在咋就这么深井冰了呢。。。

1193.38439572
719.303436165
495.915972512
414.289029886
331.1292171
当前第1146段,一共1471段


当前第1147段,一共1471段
但是客观地来说，我不喜欢，也不讨厌这样的童年。毕竟他们是我生命的一部分，事已至此，就朝着更好的未来走。性格里的隐忍、自尊、好胜、沉稳、自卑、消极，这些都已经是我的一部分，无所谓好坏，就看我以后怎么去运用。

632.233865368
432.294270286
304.377446828
242.075577577
203.529511427
当前第1148段,一共1471段


当前第1149段,一共1471段
最后，祝好。

当前第1150段,一共1471段
发布于 2014-05-19

当前第1151段,一共1471段
14

当前第1152段,一共1471段
​1 条评论

当前第1153段,一共1471段
​分享

当前第1154段,一共1471段
​收藏​感谢收起

当前第1155段,一共1471段


当前第1156段,一共1471段
匿名用户

当前第1157段,一共1471段
不会消失，但会掩饰！我的成长过程伴随着父母的争吵，随着我年龄的长大，我只是作为我妈手头上的工具，是让我爸接电话，服软，回家的利器。当然，我妈也因为对我爸的不开心，将情绪宣泄到我的身上，我曾经好几个深夜在家门外坐着哭泣，因为我妈不让我回家，我也曾经被我妈暴打。我从来都处于我爸妈争吵的风暴中，我曾经求我爸妈离婚，曾经在楼下写下对我妈的恨，可是他们还结着。幸好我长大了，幸好我离开家了。因为这是我小时候暗暗发下的誓言，永远不再回来。我现在跟我爸妈关系好吗？很平淡，不是出于真心的寒暄，我是没有办法把这块石头从我心里移走，但是我学会了掩饰。我是别人眼里的优秀女儿，我是别人眼里的乐观汉纸，可是我因为我从未感受家庭的温暖，我极度缺乏安全感，谈恋爱不会长久，更别说结婚生子。心里的疙瘩是永远抹不掉的，无论你平日多么阳光向上，夜深人静还是会默默流泪。我依然没办法向一个人敞开心扉，依然没办法原谅我父母，幸好别人不知道，我掩饰的很好。

2973.83837718
1755.92294687
1337.6581327
1043.21590572
939.297967732
当前第1158段,一共1471段
发布于 2014-05-28

当前第1159段,一共1471段
0

当前第1160段,一共1471段
​1 条评论

当前第1161段,一共1471段
​分享

当前第1162段,一共1471段
​收藏​感谢

当前第1163段,一共1471段


当前第1164段,一共1471段
匿名用户

当前第1165段,一共1471段
我是那种被矫饰的爱拴住的人，由于小的时候对公平的诉求得不到满足导致现在做什么事情过分地追求公平，再就是抚养我长大的外婆为了表达她对我的爱总会跟我说，你不会再碰到比我更爱你的人，再就是那学习上的激励政策让我觉得所谓爱是有代价的吧，很难相信无条件的爱。还有就是那种控制欲和占有欲，金钱上的对我过分算计，我觉得伤口真是很难愈合的，就算现在因为一点小事，痛苦都会因为童年的事无限放大失去准确的判断力。再就是父母长期不在身边，偶尔相处的记忆还有争吵和不信任，现在长大也弥补不了哪里去，他们总说爱我但是我很难感觉到，我有时候真的处于很矛盾的痛苦纠结中，一边对她们好一边又不甘心，因为她们总是不承认对我造成的伤害，还会选择性失忆，想想都觉得痛苦啊！

2298.23830521
1407.54586893
1048.8672563
806.071115784
719.78774991
当前第1166段,一共1471段
发布于 2014-05-22

当前第1167段,一共1471段
0

当前第1168段,一共1471段
​添加评论

当前第1169段,一共1471段
​分享

当前第1170段,一共1471段
​收藏​感谢

当前第1171段,一共1471段


当前第1172段,一共1471段
知乎用户

当前第1173段,一共1471段
我觉得太难了，而且很多童年造成的心理创伤，是在成年很久后，才慢慢觉察到的。比如我父母都是急性子，无论我小时候干什么，他们都会一直催。长大后，我就发现，自己总是急于求成，干什么事情都有一种过激的危机感，就是从小这么造成的，一直想改，但是没法破啊

715.767145282
498.072077206
332.602145473
266.216654287
210.787327408
当前第1174段,一共1471段
发布于 2014-05-21

当前第1175段,一共1471段
0

当前第1176段,一共1471段
​添加评论

当前第1177段,一共1471段
​分享

当前第1178段,一共1471段
​收藏​感谢

当前第1179段,一共1471段


当前第1180段,一共1471段
匿名用户

当前第1181段,一共1471段
个人感觉无法修复。

当前第1182段,一共1471段
小时候，爸妈关系比较紧张，我和妹妹整个成长过程中，感受到的爱和呵护很少！爸妈不会表扬我们，鼓励也没有，亲戚朋友也容易忽视我们。长大之后，确实比较自卑，哪怕已经在别人看来很成功了，很厉害了，我们始终没有自信。

697.143487372
413.640547717
286.133049054
234.367727907
199.765455895
当前第1183段,一共1471段
相信这些东西，这辈子都会伴随着我们。

当前第1184段,一共1471段
现在看《爸爸去哪儿》看到王导对女儿的爱，打心眼里羡慕，这辈子没有机会感受到这份关爱呵护了，将来一定好好照顾自己的小孩，让他能感受到这个世界的温暖！

546.262012892
314.726527494
219.778183614
174.663379562
132.257735973
当前第1185段,一共1471段
发布于 2014-05-21

当前第1186段,一共1471段
0

当前第1187段,一共1471段
​添加评论

当前第1188段,一共1471段
​分享

当前第1189段,一共1471段
​收藏​感谢

当前第1190段,一共1471段


当前第1191段,一共1471段
王雨嫣

当前第1192段,一共1471段
不可能完全修复。童年是对事务认知的时候，一思维发生偏转，很难修复

209.445591027
123.095488038
92.7248473361
69.3537601228
65.0277359545
当前第1193段,一共1471段
发布于 2014-05-21

当前第1194段,一共1471段
0

当前第1195段,一共1471段
​添加评论

当前第1196段,一共1471段
​分享

当前第1197段,一共1471段
​收藏​感谢

当前第1198段,一共1471段


当前第1199段,一共1471段
唐航

当前第1200段,一共1471段
小美工

当前第1201段,一共1471段
好可怜。好心疼。想起以前的我。以前是讨好形人格。想要讨好任何人。可以没人关心。在乎过。现在变了。变得暴躁。讨厌任何人。哎。尤其女人。

576.625149567
314.94142294
228.33925453
160.945749961
139.407313625
当前第1202段,一共1471段
发布于 2014-05-21

当前第1203段,一共1471段
0

当前第1204段,一共1471段
​5 条评论

当前第1205段,一共1471段
​分享

当前第1206段,一共1471段
​收藏​感谢

当前第1207段,一共1471段


当前第1208段,一共1471段
匿名用户

当前第1209段,一共1471段
我记得知乎上前一阵子还有个很火的问题大概是生一个孩子还是生两个好，一大片的人都在盛赞有个兄弟姐妹的好处，那些人真该来看看这个问题，哈哈哈哈。

513.620755329
296.031980667
208.427011879
165.06461678
133.371516395
当前第1210段,一共1471段


当前第1211段,一共1471段
别想了，根本好不了，我到现在自己都可以当父母的年纪了，噩梦的主题还是童年那些让我害怕的人和事。我一万遍的诅咒给我伤害的亲人们，死了的就去地狱，活着的就活在炼狱里，好好受着吧。

661.16543851
439.342329027
308.73623525
237.286084265
200.755744362
当前第1212段,一共1471段
发布于 2014-05-20

当前第1213段,一共1471段
0

当前第1214段,一共1471段
​添加评论

当前第1215段,一共1471段
​分享

当前第1216段,一共1471段
​收藏​感谢

当前第1217段,一共1471段


当前第1218段,一共1471段
知乎用户

当前第1219段,一共1471段
人对真，善，美天生有种敏感性。这种敏感性是未来教育的方向。

224.188455338
130.340305742
91.3531527716
66.3702197638
56.5804416945
当前第1220段,一共1471段
对大多数人来说不容易，那些敏感的坚强的受害者也许会有所转机。

202.210495068
115.805311323
85.7643346182
63.810470869
51.2968255927
当前第1221段,一共1471段
发布于 2014-05-20

当前第1222段,一共1471段
0

当前第1223段,一共1471段
​添加评论

当前第1224段,一共1471段
​分享

当前第1225段,一共1471段
​收藏​感谢

当前第1226段,一共1471段


当前第1227段,一共1471段
59460南方姑娘

当前第1228段,一共1471段
无知有畏

当前第1229段,一共1471段
至少先让他知道，他遭受这一切，并不是他的错，不是因为他生来就不好。

240.391891668
144.849439283
104.868481566
80.260743098
59.3295788521
当前第1230段,一共1471段
发布于 2014-05-20

当前第1231段,一共1471段
0

当前第1232段,一共1471段
​添加评论

当前第1233段,一共1471段
​分享

当前第1234段,一共1471段
​收藏​感谢

当前第1235段,一共1471段


当前第1236段,一共1471段
koci

当前第1237段,一共1471段
文笔不好，表述不清，正在作死。

当前第1238段,一共1471段
若你看到我的答案，你还是回头吧，我只想提醒你，前面的答案真的很好。

220.674770508
118.751843227
88.8556703535
67.0663602015
67.5809319792
当前第1239段,一共1471段
发布于 2014-05-20

当前第1240段,一共1471段
0

当前第1241段,一共1471段
​添加评论

当前第1242段,一共1471段
​分享

当前第1243段,一共1471段
​收藏​感谢

当前第1244段,一共1471段


当前第1245段,一共1471段
匿名用户

当前第1246段,一共1471段
不希望这个题目变成最强比惨王，女朋友说，你可以匿名⊙▽⊙。我也有挺奇葩挺悲剧的童年，不过到现在为止，自认为三观挺正常的，方法也挺简单，就是看各种各样的书，正能量的书，这样满满的正能量max\(^o^)/

815.235451908
436.791557563
313.645081537
243.767136899
191.668366581
当前第1247段,一共1471段
发布于 2014-05-20

当前第1248段,一共1471段
0

当前第1249段,一共1471段
​添加评论

当前第1250段,一共1471段
​分享

当前第1251段,一共1471段
​收藏​感谢

当前第1252段,一共1471段


当前第1253段,一共1471段
知乎用户

当前第1254段,一共1471段
己所不欲勿施于人

当前第1255段,一共1471段
如果男孩的年龄已经基本达到18岁左右，建议俩人开诚布公的谈一谈，推心置腹，该道歉的道歉等。建议看一些比较好的心理书，像是少有人走的路之类的，还有一些关于主题是爱的电影等。我觉得这些都会多少起到一些积极行。最最主要的是，希望男孩自己主动认识到自己的问题，自发性很关键。

1028.10053247
572.768973581
387.714657161
297.56101667
255.259942445
当前第1256段,一共1471段


当前第1257段,一共1471段
发布于 2014-05-20

当前第1258段,一共1471段
0

当前第1259段,一共1471段
​添加评论

当前第1260段,一共1471段
​分享

当前第1261段,一共1471段
​收藏​感谢

当前第1262段,一共1471段


当前第1263段,一共1471段
匿名用户

当前第1264段,一共1471段
天哪~难道这就是我姐对我好的原因，而且坚决不接受回报！！！向来都是她给我买东西。我妈总是提醒我要对我姐好，对她孩子好，可是我一给他们买东西或者给小孩红包，他们就会说，这个不喜欢，那个不好吃，再就是觉得我现在很困难，不肯要我的红包。总之，我很厌烦这样的模式，现在已经不愿意回娘家了。针对题主的问题，我的观点是，如果弟弟自己想解决，就去看专业的心理医生。如果姐姐觉得愧疚的话，不如给他自由吧，别插手他的成年生活了。

1401.02113111
914.479262556
632.286354526
496.231816228
441.169689344
当前第1265段,一共1471段
发布于 2014-05-20

当前第1266段,一共1471段
0

当前第1267段,一共1471段
​添加评论

当前第1268段,一共1471段
​分享

当前第1269段,一共1471段
​收藏​感谢

当前第1270段,一共1471段


当前第1271段,一共1471段
匿名用户

当前第1272段,一共1471段
我觉得不会吧。

当前第1273段,一共1471段
从小我就觉得我父亲不喜欢我。

当前第1274段,一共1471段
他只知道自己去玩，心情好就逗我。有的玩就不管我。

188.167280618
126.286946747
86.7678512259
69.6980973424
69.8471017209
当前第1275段,一共1471段
现在大了再来看，我爸自己就是二房的孩子，自己从小就缺乏关爱，不是他不爱我，而是他自己都不知道一个合格的父亲到底是什么样的。

403.484464261
255.573467934
179.666287005
147.302464634
100.491268949
当前第1276段,一共1471段
万幸我们家条件还不错，父母都忙，我总还可以跟东西玩。

215.346586231
120.061448843
90.9378140037
69.3503291919
62.5681035489
当前第1277段,一共1471段
可是直接的后果就是我小学和初中不是一般的暴力与不合群。

222.072835628
127.600482459
93.1208661096
84.6182648869
54.6788456949
当前第1278段,一共1471段
高中在父母身边读的，人突然就不打架不闹事了。现在看就是得到父母的关注了。

187.489760507
133.298835354
88.4847968091
81.8479433258
76.7494012162
当前第1279段,一共1471段


当前第1280段,一共1471段


当前第1281段,一共1471段
我是跳跃的思维，各位不喜欢就不要看了，我想也没多少人会看我这个吧。

194.115877212
132.619222746
94.6965864071
77.6298943815
80.8208368886
当前第1282段,一共1471段


当前第1283段,一共1471段
小学和初中的闹腾其实就是为了吸引父母的注意。高中得到满足之后人也平和了，什么都好了。可是很多东西并没有得到修复。

318.002392033
206.10899577
146.796803176
110.78024589
106.735769869
当前第1284段,一共1471段


当前第1285段,一共1471段
初中住校三年，从来没有想过家，一次也没有哭过。我总说自己是一个没有童年的人，因为我实在想不起什么是值得我回忆的。小学天天被打？初中在贵族学校过的有多压抑？

559.637599849
371.673499481
272.674942976
183.692482704
162.052703747
当前第1286段,一共1471段


当前第1287段,一共1471段
父亲对我起了非常多的不好的影响。

当前第1288段,一共1471段
一个是从小就觉得他不喜欢我。

当前第1289段,一共1471段
还有就是高中时候跟我妈闹离婚（我觉得我爸还是很喜欢我妈的，现在他们过的也很好。）对我当时的影响是非常大的，整个人就不想看书了。那些说的轻松的，有多远滚多远，不送。

474.64915401
321.504446517
232.823959088
199.364425467
171.413086875
当前第1290段,一共1471段
本身一直闹腾学习就不是太好，中考卡着最低录取线，高考其实还是认真学了些，比中考好多了。

294.53065302
175.902516183
134.630181794
97.9187940175
82.1791369458
当前第1291段,一共1471段


当前第1292段,一共1471段
这些影响到现在都没有消除。

当前第1293段,一共1471段
我活着就是在演戏。我的肉体再怎么有反应，我的内心就是一滩死水。

220.5475011
150.546389268
114.544811721
85.8846536467
77.3706721919
当前第1294段,一共1471段
我跟我媳妇说，我害怕将来是个儿子。

当前第1295段,一共1471段
因为我根本不知道自己该怎样去当一个父亲。我没有榜样。

144.689080009
97.4085809468
62.9445725515
65.752247127
50.2627210191
当前第1296段,一共1471段


当前第1297段,一共1471段
前面的回答有点很认同：离开他的生活。不在一起影响就小了，能淡化一些。

246.069145971
136.663597466
112.059499104
81.6952764198
74.1371426016
当前第1298段,一共1471段
发布于 2014-05-19

当前第1299段,一共1471段
0

当前第1300段,一共1471段
​7 条评论

当前第1301段,一共1471段
​分享

当前第1302段,一共1471段
​收藏​感谢

当前第1303段,一共1471段


当前第1304段,一共1471段
匿名用户

当前第1305段,一共1471段
有些伤一旦形成了就无法抹平，我们只能去慢慢接受。

217.866482695
131.424436143
96.1611900263
65.4106932453
60.2361445537
当前第1306段,一共1471段
发布于 2014-05-19

当前第1307段,一共1471段
0

当前第1308段,一共1471段
​添加评论

当前第1309段,一共1471段
​分享

当前第1310段,一共1471段
​收藏​感谢

当前第1311段,一共1471段


当前第1312段,一共1471段
匿名用户

当前第1313段,一共1471段
很难。创伤永远都在，总会或多或少地影响到一个人的性格。

156.846088553
103.191703945
68.1128031981
61.6737233291
42.8212899751
当前第1314段,一共1471段
但是有两种对待态度，一是自暴自弃，把这种创伤延续到下一代；二是懂得这带来的痛苦，在生活中避免把这种痛苦再带给他人。

412.121648818
219.564866554
188.541652405
143.272085869
112.434680554
当前第1315段,一共1471段
相信我，选择第二种，带来的满足感远远强于第一种。

134.659858683
95.9859410424
58.9161628793
61.6018263649
48.3890350149
当前第1316段,一共1471段
发布于 2014-05-19

当前第1317段,一共1471段
0

当前第1318段,一共1471段
​添加评论

当前第1319段,一共1471段
​分享

当前第1320段,一共1471段
​收藏​感谢

当前第1321段,一共1471段


当前第1322段,一共1471段
知乎用户

当前第1323段,一共1471段
100kg级选手

当前第1324段,一共1471段
有个提议    以姐姐的身份强制要求他   认知自己！！       让他自己意识到自己的缺陷并改正     具体执行方法嘛        开始你强制要求他看指定的书，等他认识到自己的缺陷会给所有人带来伤害的时候。应该就会去看心理医生了（而且心甘情愿）      关于书籍…………（见仁见智吧，我资历太浅）

877.455136028
518.903121813
340.372048132
246.144656201
258.976483594
当前第1325段,一共1471段
编辑于 2017-06-25

当前第1326段,一共1471段
0

当前第1327段,一共1471段
​添加评论

当前第1328段,一共1471段
​分享

当前第1329段,一共1471段
​收藏​感谢

当前第1330段,一共1471段


当前第1331段,一共1471段
LuLuZhou

当前第1332段,一共1471段
你484傻。

当前第1333段,一共1471段
据我自己回答总结，嗯，没可能。即使你过得很好。

163.540087766
102.110150846
69.8019846037
51.9920977221
46.2753755329
当前第1334段,一共1471段
发布于 2014-05-19

当前第1335段,一共1471段
0

当前第1336段,一共1471段
​添加评论

当前第1337段,一共1471段
​分享

当前第1338段,一共1471段
​收藏​感谢

当前第1339段,一共1471段


当前第1340段,一共1471段
知乎用户

当前第1341段,一共1471段
知乎是个索引库

当前第1342段,一共1471段
個人接觸的經歷來看幾乎是不可能被修復的。

166.386240558
101.585038564
75.4434767665
61.6470099655
49.3078262632
当前第1343段,一共1471段
但是我們可以解決問題。

当前第1344段,一共1471段


当前第1345段,一共1471段


当前第1346段,一共1471段
童年的時候我們都心靈脆弱身形瘦小，很有可能因為父母親人的不當對待或者其他意外事件受到創傷，而在我看來這幾乎是不可避免的。問主這種是很過分的情況，也很讓人心疼。

561.068384588
288.776778968
230.105939731
196.138876937
161.284376003
当前第1347段,一共1471段


当前第1348段,一共1471段
說說應該怎麼辦。

当前第1349段,一共1471段
首先就是正視，接受。前面的答案中有匿名用戶說一直不敢正視，這個過程很難，做到了就很有效。 事實就是事實，不能改變的是過去，你還要去成就的是未來。接受自己，才能開始成為better me。

602.085535316
344.774243285
241.148527211
166.795143411
168.579399442
当前第1350段,一共1471段
然後是寬容自己。

当前第1351段,一共1471段
很多受到傷害的人內心是在責怪自己的，或者像是問題說的，覺得都是應該的。有一個心理學家提出過一個說法，十分認同：沒有應該，只有可以。沿著這個思維方式轉變下去，會很好的緩解自己的負擔。

613.12176941
331.615213631
263.642064154
192.753359309
161.582288729
当前第1352段,一共1471段
最後是提醒自己。

当前第1353段,一共1471段
拿自己舉例。 我有一點被動性攻擊的傾向，所以在和人家對話或者相處到關鍵時刻的時候，我會告訴自己，你想要這麼說不是因為你真的這麼想，這是被妳的過去所影響的，對你們雙方不公平。

678.555675379
386.645779439
273.423654802
224.388801019
177.735567485
当前第1354段,一共1471段
知道自己什麼時候容易犯錯，這很重要。

当前第1355段,一共1471段


当前第1356段,一共1471段


当前第1357段,一共1471段
上面的回答是看到問題的一點個人理解，這麼久了接觸了很多人，這也是我的一點總結。

177.822777177
112.23645479
84.9177769124
64.4737494723
63.0926071918
当前第1358段,一共1471段


当前第1359段,一共1471段
對於問題而言，還是建議尋求專業人士的幫助，在心理醫生或者心理咨詢師的專業指導下，會更有可能改變局面。

267.960193982
162.082308975
123.869235039
102.987691051
84.2309276949
当前第1360段,一共1471段


当前第1361段,一共1471段


当前第1362段,一共1471段
天大地大 世界比你想像的朦朧

当前第1363段,一共1471段
我不忍心再欺哄 但願你聽得懂。

当前第1364段,一共1471段
发布于 2014-05-19

当前第1365段,一共1471段
0

当前第1366段,一共1471段
​添加评论

当前第1367段,一共1471段
​分享

当前第1368段,一共1471段
​收藏​感谢

当前第1369段,一共1471段


当前第1370段,一共1471段
一本正经数轮党

当前第1371段,一共1471段
不会的 所以现在的我自卑 不会和人说话总之哪天会自杀吧现在吗人形猪能活一天是一天、l了

328.821234795
179.046535339
120.371871413
86.4123462454
74.2511621227
当前第1372段,一共1471段
发布于 2014-05-19

当前第1373段,一共1471段
0

当前第1374段,一共1471段
​3 条评论

当前第1375段,一共1471段
​分享

当前第1376段,一共1471段
​收藏​感谢

当前第1377段,一共1471段


当前第1378段,一共1471段
桃之夭夭

当前第1379段,一共1471段
只能说慢慢脱离童年的噩梦，至于修复的了，因人而异吧。没有给孩子幸福的童年是最不负责任的

229.033589678
156.479761323
94.74445938
78.8721784028
68.5826726756
当前第1380段,一共1471段
发布于 2014-05-19

当前第1381段,一共1471段
0

当前第1382段,一共1471段
​添加评论

当前第1383段,一共1471段
​分享

当前第1384段,一共1471段
​收藏​感谢

当前第1385段,一共1471段


当前第1386段,一共1471段
知乎用户

当前第1387段,一共1471段
CS

当前第1388段,一共1471段
如果姐姐爱他了，就请在弟弟给礼物的时候说：你爱自己，就是最好的礼物。

196.451780929
110.891040261
77.0561944114
76.5928521207
63.1587272563
当前第1389段,一共1471段
发布于 2014-05-18

当前第1390段,一共1471段
0

当前第1391段,一共1471段
​2 条评论

当前第1392段,一共1471段
​分享

当前第1393段,一共1471段
​收藏​感谢

当前第1394段,一共1471段


当前第1395段,一共1471段
匿名用户

当前第1396段,一共1471段
形成这样的结果有你的原因，也有家庭的原因。

112.728752685
67.1466496823
42.2842248623
34.8120770421
33.264893847
当前第1397段,一共1471段


当前第1398段,一共1471段
你感觉对他造成了巨大的伤害，内疚与不安，这是人之常情。

176.90426241
90.3276983733
66.5232389781
45.4180236774
42.480107652
当前第1399段,一共1471段


当前第1400段,一共1471段
首先你要原谅自己，你要知道每个人都会犯错，不可能所做的都是对的。

182.416468861
115.872427918
87.4362170471
69.6293366532
69.4536016085
当前第1401段,一共1471段


当前第1402段,一共1471段
改变那些暴躁的行为方式，控制好自己的情绪，从生活上去关心他，鼓励他；

207.604648169
123.396561099
99.9100439854
62.1288361589
58.8064491056
当前第1403段,一共1471段


当前第1404段,一共1471段
让他感觉你很安全，你不会伤害他，不会给他带来恐惧。

120.167841076
72.254382245
59.3039542354
35.67250688
35.4421043061
当前第1405段,一共1471段
编辑于 2014-05-19

当前第1406段,一共1471段
0

当前第1407段,一共1471段
​添加评论

当前第1408段,一共1471段
​分享

当前第1409段,一共1471段
​收藏​感谢

当前第1410段,一共1471段


当前第1411段,一共1471段
匿名用户

当前第1412段,一共1471段
不可能修复，将跟随你一辈子，在你孤独的时候时时告诉你，你的人生毫无意义，你永远不可能成功，不如去死好了

285.738906176
164.406626256
108.451533549
98.111743933
93.2377033986
当前第1413段,一共1471段
发布于 2015-05-30

当前第1414段,一共1471段
0

当前第1415段,一共1471段
​添加评论

当前第1416段,一共1471段
​分享

当前第1417段,一共1471段
​收藏​感谢

当前第1418段,一共1471段


当前第1419段,一共1471段
匿名用户

当前第1420段,一共1471段
告诉你吧。

当前第1421段,一共1471段
免得你还心存侥幸。

当前第1422段,一共1471段
基本是不可能的。而且你也别美滋滋的在这考虑他依赖你（我真觉得你可没数了心里可美了，毫不自知）。他有多依赖你就有多恨你。

462.040207775
273.011680725
198.777049401
139.784375778
139.88396883
当前第1423段,一共1471段
而且是一辈子都恨你。

当前第1424段,一共1471段
当年你的恶毒现在你也必须自己承受。

当前第1425段,一共1471段
也许以后找个老婆就跟你相似，然后天天揍老婆。在你这代谢不了，你又那么精贵。道个歉都屈尊降贵的，根本不可能让当事人消气。

528.620708353
309.094631887
209.057360508
141.845807269
115.561279552
当前第1426段,一共1471段
就从这种第三人称的叙事手法开始我就怀疑你毫无悔意。你毁的是他的人生。然后现在跑来问大家，怎么补救。几岁？不管几岁你都应该知道自己打碎的花瓶无法再粘回去。连为此应该产生的最基本的焦虑和恐慌的感觉都一点没有吗？

800.480728852
504.106676891
346.670728922
287.628131263
240.120191881
当前第1427段,一共1471段
就不用说怎么挽救你弟了。你自己也是一个有问题的人。我承认每个人都有问题，但你的那种轻描淡写毫无感情的说话方式让我觉得吓人。父母失职，那你呢。防御可不可以不要这么高。拿去作案例分析肯定会有人说同理心缺失。

788.452684119
526.031898197
372.225094961
304.206375123
219.273229766
当前第1428段,一共1471段
不要说我那时还小什么也不懂。

当前第1429段,一共1471段
一个12岁的人这么残暴是有问题的。而且是长期这么残暴。一般孩子讨厌兄弟姐妹也就几年甚至几个月之内可以缓解。

369.866761104
238.332550152
159.403837621
120.817261819
87.2321738255
当前第1430段,一共1471段
特别冷静的用第三人称来写。然后评论里和花火的辩论我不知道该怎么说好。好像在完成一个任务似的，啊哦我把我弟人生搞砸了，现在他这样了，有点过意不去，来知乎问个问题咯省的良心过不去~你们心理学不是万能的嘛，有问题修复不就好了。

854.581841202
552.799670143
372.101171776
296.683885397
238.638827548
当前第1431段,一共1471段
抱歉不万能。我也是有心理创伤的人。心理学不万能。也不能修复的好像没发生过一样。更何况是常年的。

232.539358976
139.541473307
115.767456913
84.5923102136
90.2208097271
当前第1432段,一共1471段
你不觉得你弟特别可怜吗。

当前第1433段,一共1471段
一丁点都不觉得？

当前第1434段,一共1471段
人形杜鹃鸟？

当前第1435段,一共1471段
换成你弟在知乎发帖肯定跟你说的完全不一样。必定充满了痛苦和恨。

197.91091117
124.473037113
100.115115124
86.4280478721
70.2304718373
当前第1436段,一共1471段
我甚至怀疑前些日子我在知乎看到的另外一个帖子是不是你弟写的。那个题主长年被自己姐姐压榨虐待，已经患上了严重的抑郁症。挣扎在死亡线上。

499.883127897
299.832240271
220.006921333
149.031887859
136.283021888
当前第1437段,一共1471段
我希望你在提这个问题的同时，了解这件事的严重性。特别乐观告诉你没问题的，你拣爱听的听随意。我没有特意黑你的意思。只说自己感觉。你不爱听也随意。

562.840003476
344.746536737
255.852294414
178.346429205
147.98316409
当前第1438段,一共1471段
道歉解决不了太多问题最起码是个态度。然后你不要再因为自己可以操纵他而沾沾自喜了真的，否则会影响他以后的婚恋。从现在开始以后他结婚谈恋爱找什么样的人只能他自己说了算，你尤其不许参合不许管，你也该撒手了。普通人家的兄弟姐妹不会这么扭曲的。正常的家人关系跟操纵虐待他人是不一样的。

927.594815917
568.195930334
420.723940975
318.778918035
260.385292223
当前第1439段,一共1471段
不知道为什么一堆答主全跑偏了都在弱弱的写他们自己的悲伤故事，而且你也没回复。估计是根本懒得看。他们可能在用这种弱弱的写故事的方法告诉你事情的严重，弱弱的是因为他们跟你弟弟差不多，常年的受欺负怕争执，无法争取自己想要的，无法说出自己的要求和愤怒，至于像我这么烦人写些讨人厌的话的没几个，不过我的答案并没跑题，至于能修复到什么程度，只能看运气。

1237.33889961
705.244885151
526.280599107
404.804116995
341.930851476
当前第1440段,一共1471段
发布于 2017-09-22

当前第1441段,一共1471段
0

当前第1442段,一共1471段
​添加评论

当前第1443段,一共1471段
​分享

当前第1444段,一共1471段
​收藏​感谢收起

当前第1445段,一共1471段
写回答

当前第1446段,一共1471段
15 个回答被折叠（为什么？）

当前第1447段,一共1471段


当前第1448段,一共1471段
下载知乎客户端

当前第1449段,一共1471段
与世界分享知识、经验和见解

当前第1450段,一共1471段
相关问题

当前第1451段,一共1471段
你遇到过的家长可以有多坏？ 816 个回答

160.455650841
93.4522531176
70.0381120861
49.5744454887
31.0284867967
当前第1452段,一共1471段
如何摆脱童年的阴影 创伤 ，克服长年形成自卑感？做到对自己有一个清晰的自我认知？ 30 个回答

315.54696994
187.535193702
123.270237993
94.3414965599
85.7437872989
当前第1453段,一共1471段
父母家庭不和谐，从童年开始我长期自卑，抑郁，怎么释怀？ 15 个回答

193.039560704
107.797223287
85.3822961404
58.6773497211
50.0311188811
当前第1454段,一共1471段
多子女家庭中，被忽视的子女会产生什么样的心理防御机制？应如何给予正面介入？ 17 个回答

267.148318204
140.604508086
123.407985014
80.1726734947
87.673428885
当前第1455段,一共1471段
该不该把现实社会的残酷与不公提早告诉孩子？ 11 个回答

200.242233047
102.086804844
75.2709401294
68.7837207428
51.2698863978
当前第1456段,一共1471段
相关推荐

当前第1457段,一共1471段


当前第1458段,一共1471段
蔡康永推荐：胡德夫的音乐时间

当前第1459段,一共1471段
共 46 节课试听

当前第1460段,一共1471段


当前第1461段,一共1471段
XXOO 那些事

当前第1462段,一共1471段
李银河 等

当前第1463段,一共1471段
769,427 人读过

当前第1464段,一共1471段
​阅读

当前第1465段,一共1471段
刘看山知乎指南知乎协议应用工作

当前第1466段,一共1471段
申请开通知乎机构号

当前第1467段,一共1471段
侵权举报网上有害信息举报专区

当前第1468段,一共1471段
违法和不良信息举报：010-82716601

89.1237310813
42.5262156371
33.0840147739
36.484703465
25.6609347101
当前第1469段,一共1471段
儿童色情信息举报专区

当前第1470段,一共1471段
联系我们 © 2018 知乎
